This is pdfTeX, Version 3.14159265-2.6-1.40.17 (MiKTeX 2.9 64-bit) (preloaded format=pdflatex 2016.10.25)  11 SEP 2017 16:16
entering extended mode
**./cv_8.tex
(cv_8.tex
LaTeX2e <2016/03/31> patch level 3
Babel <3.9r> and hyphenation patterns for 75 language(s) loaded.
("C:\Program Files\MiKTeX 2.9\tex\latex\koma-script\scrartcl.cls"
Document Class: scrartcl 2016/06/14 v3.21 KOMA-Script document class (article)
("C:\Program Files\MiKTeX 2.9\tex\latex\koma-script\scrkbase.sty"
Package: scrkbase 2016/06/14 v3.21 KOMA-Script package (KOMA-Script-dependent b
asics and keyval usage)

("C:\Program Files\MiKTeX 2.9\tex\latex\koma-script\scrbase.sty"
Package: scrbase 2016/06/14 v3.21 KOMA-Script package (KOMA-Script-independent 
basics and keyval usage)

("C:\Program Files\MiKTeX 2.9\tex\latex\graphics\keyval.sty"
Package: keyval 2014/10/28 v1.15 key=value parser (DPC)
\KV@toks@=\toks14
)
("C:\Program Files\MiKTeX 2.9\tex\latex\koma-script\scrlfile.sty"
Package: scrlfile 2016/06/14 v3.21 KOMA-Script package (loading files)

Package scrlfile, 2016/06/14 v3.21 KOMA-Script package (loading files)
                  Copyright (C) Markus Kohm

))) ("C:\Program Files\MiKTeX 2.9\tex\latex\koma-script\tocbasic.sty"
Package: tocbasic 2016/06/14 v3.21 KOMA-Script package (handling toc-files)
\scr@dte@tocline@numberwidth=\skip41
\scr@dte@tocline@numbox=\box26
)
Package tocbasic Info: omitting babel extension for `toc'
(tocbasic)             because of feature `nobabel' available
(tocbasic)             for `toc' on input line 130.
Package tocbasic Info: omitting babel extension for `lof'
(tocbasic)             because of feature `nobabel' available
(tocbasic)             for `lof' on input line 131.
Package tocbasic Info: omitting babel extension for `lot'
(tocbasic)             because of feature `nobabel' available
(tocbasic)             for `lot' on input line 132.
Class scrartcl Info: File `scrsize11pt.clo' used instead of
(scrartcl)           file `scrsize11.clo' to setup font sizes on input line 205
2.

("C:\Program Files\MiKTeX 2.9\tex\latex\koma-script\scrsize11pt.clo"
File: scrsize11pt.clo 2016/06/14 v3.21 KOMA-Script font size class option (11pt
)
)
("C:\Program Files\MiKTeX 2.9\tex\latex\koma-script\typearea.sty"
Package: typearea 2016/06/14 v3.21 KOMA-Script package (type area)

Package typearea, 2016/06/14 v3.21 KOMA-Script package (type area)
                  Copyright (C) Frank Neukam, 1992-1994
                  Copyright (C) Markus Kohm, 1994-

\ta@bcor=\skip42
\ta@div=\count79
\ta@hblk=\skip43
\ta@vblk=\skip44
\ta@temp=\skip45
\footheight=\skip46
Package typearea Info: These are the values describing the layout:
(typearea)             DIV  = 10
(typearea)             BCOR = 0.0pt
(typearea)             \paperwidth      = 597.50793pt
(typearea)              \textwidth      = 418.25555pt
(typearea)              DIV departure   = -6%
(typearea)              \evensidemargin = 17.3562pt
(typearea)              \oddsidemargin  = 17.3562pt
(typearea)             \paperheight     = 845.04694pt
(typearea)              \textheight     = 595.80026pt
(typearea)              \topmargin      = -25.16531pt
(typearea)              \headheight     = 17.0pt
(typearea)              \headsep        = 20.40001pt
(typearea)              \topskip        = 11.0pt
(typearea)              \footskip       = 47.6pt
(typearea)              \baselineskip   = 13.6pt
(typearea)              on input line 1529.
)
\c@part=\count80
\c@section=\count81
\c@subsection=\count82
\c@subsubsection=\count83
\c@paragraph=\count84
\c@subparagraph=\count85
\scr@dte@part@maxnumwidth=\skip47
\scr@dte@section@maxnumwidth=\skip48
\scr@dte@subsection@maxnumwidth=\skip49
\scr@dte@subsubsection@maxnumwidth=\skip50
\scr@dte@paragraph@maxnumwidth=\skip51
\scr@dte@subparagraph@maxnumwidth=\skip52
LaTeX Info: Redefining \textsubscript on input line 4036.
\abovecaptionskip=\skip53
\belowcaptionskip=\skip54
\c@pti@nb@sid@b@x=\box27
\c@figure=\count86
\c@table=\count87
Class scrartcl Info: Redefining `\numberline' on input line 5049.
\bibindent=\dimen102
) ("C:\Program Files\MiKTeX 2.9\tex\latex\classicthesis\classicthesis.sty"
Package: classicthesis 2015/09/06 v4.2 Typographic style for a classic-looking 
thesis

("C:\Program Files\MiKTeX 2.9\tex\latex\base\ifthen.sty"
Package: ifthen 2014/09/29 v1.1c Standard LaTeX ifthen package (DPC)
)
Package classicthesis Info: Using option "nochapters" (probably for an article)
. This turns off the options "linedheaders", "manychapters", "floatperchapter",
"listsseparated", "eulerchapternumbers", and "parts". Please be aware of that. 
on input line 158.

("C:\Program Files\MiKTeX 2.9\tex\generic\oberdiek\ifpdf.sty"
Package: ifpdf 2016/05/14 v3.1 Provides the ifpdf switch
)
("C:\Program Files\MiKTeX 2.9\tex\latex\hyperref\hyperref.sty"
Package: hyperref 2016/06/24 v6.83q Hypertext links for LaTeX

("C:\Program Files\MiKTeX 2.9\tex\generic\oberdiek\hobsub-hyperref.sty"
Package: hobsub-hyperref 2016/05/16 v1.14 Bundle oberdiek, subset hyperref (HO)


("C:\Program Files\MiKTeX 2.9\tex\generic\oberdiek\hobsub-generic.sty"
Package: hobsub-generic 2016/05/16 v1.14 Bundle oberdiek, subset generic (HO)
Package: hobsub 2016/05/16 v1.14 Construct package bundles (HO)
Package: infwarerr 2016/05/16 v1.4 Providing info/warning/error messages (HO)
Package: ltxcmds 2016/05/16 v1.23 LaTeX kernel commands for general use (HO)
Package: ifluatex 2016/05/16 v1.4 Provides the ifluatex switch (HO)
Package ifluatex Info: LuaTeX not detected.
Package: ifvtex 2016/05/16 v1.6 Detect VTeX and its facilities (HO)
Package ifvtex Info: VTeX not detected.
Package: intcalc 2016/05/16 v1.2 Expandable calculations with integers (HO)
Package hobsub Info: Skipping package `ifpdf' (already loaded).
Package: etexcmds 2016/05/16 v1.6 Avoid name clashes with e-TeX commands (HO)
Package etexcmds Info: Could not find \expanded.
(etexcmds)             That can mean that you are not using pdfTeX 1.50 or
(etexcmds)             that some package has redefined \expanded.
(etexcmds)             In the latter case, load this package earlier.
Package: kvsetkeys 2016/05/16 v1.17 Key value parser (HO)
Package: kvdefinekeys 2016/05/16 v1.4 Define keys (HO)
Package: pdftexcmds 2016/05/21 v0.22 Utility functions of pdfTeX for LuaTeX (HO
)
Package pdftexcmds Info: LuaTeX not detected.
Package pdftexcmds Info: \pdf@primitive is available.
Package pdftexcmds Info: \pdf@ifprimitive is available.
Package pdftexcmds Info: \pdfdraftmode found.
Package: pdfescape 2016/05/16 v1.14 Implements pdfTeX's escape features (HO)
Package: bigintcalc 2016/05/16 v1.4 Expandable calculations on big integers (HO
)
Package: bitset 2016/05/16 v1.2 Handle bit-vector datatype (HO)
Package: uniquecounter 2016/05/16 v1.3 Provide unlimited unique counter (HO)
)
Package hobsub Info: Skipping package `hobsub' (already loaded).
Package: letltxmacro 2016/05/16 v1.5 Let assignment for LaTeX macros (HO)
Package: hopatch 2016/05/16 v1.3 Wrapper for package hooks (HO)
Package: xcolor-patch 2016/05/16 xcolor patch
Package: atveryend 2016/05/16 v1.9 Hooks at the very end of document (HO)
Package atveryend Info: \enddocument detected (standard20110627).
Package: atbegshi 2016/06/09 v1.18 At begin shipout hook (HO)
Package: refcount 2016/05/16 v3.5 Data extraction from label references (HO)
Package: hycolor 2016/05/16 v1.8 Color options for hyperref/bookmark (HO)
)
("C:\Program Files\MiKTeX 2.9\tex\generic\ifxetex\ifxetex.sty"
Package: ifxetex 2010/09/12 v0.6 Provides ifxetex conditional
)
("C:\Program Files\MiKTeX 2.9\tex\latex\oberdiek\auxhook.sty"
Package: auxhook 2016/05/16 v1.4 Hooks for auxiliary files (HO)
)
("C:\Program Files\MiKTeX 2.9\tex\latex\oberdiek\kvoptions.sty"
Package: kvoptions 2016/05/16 v3.12 Key value format for package options (HO)
)
\@linkdim=\dimen103
\Hy@linkcounter=\count88
\Hy@pagecounter=\count89

("C:\Program Files\MiKTeX 2.9\tex\latex\hyperref\pd1enc.def"
File: pd1enc.def 2016/06/24 v6.83q Hyperref: PDFDocEncoding definition (HO)
)
\Hy@SavedSpaceFactor=\count90

("C:\Program Files\MiKTeX 2.9\tex\latex\00miktex\hyperref.cfg"
File: hyperref.cfg 2002/06/06 v1.2 hyperref configuration of TeXLive
)
Package hyperref Info: Hyper figures OFF on input line 4486.
Package hyperref Info: Link nesting OFF on input line 4491.
Package hyperref Info: Hyper index ON on input line 4494.
Package hyperref Info: Plain pages OFF on input line 4501.
Package hyperref Info: Backreferencing OFF on input line 4506.
Package hyperref Info: Implicit mode ON; LaTeX internals redefined.
Package hyperref Info: Bookmarks ON on input line 4735.
\c@Hy@tempcnt=\count91

("C:\Program Files\MiKTeX 2.9\tex\latex\url\url.sty"
\Urlmuskip=\muskip10
Package: url 2013/09/16  ver 3.4  Verb mode for urls, etc.
)
LaTeX Info: Redefining \url on input line 5088.
\XeTeXLinkMargin=\dimen104
\Fld@menulength=\count92
\Field@Width=\dimen105
\Fld@charsize=\dimen106
Package hyperref Info: Hyper figures OFF on input line 6342.
Package hyperref Info: Link nesting OFF on input line 6347.
Package hyperref Info: Hyper index ON on input line 6350.
Package hyperref Info: backreferencing OFF on input line 6357.
Package hyperref Info: Link coloring OFF on input line 6362.
Package hyperref Info: Link coloring with OCG OFF on input line 6367.
Package hyperref Info: PDF/A mode OFF on input line 6372.
LaTeX Info: Redefining \ref on input line 6412.
LaTeX Info: Redefining \pageref on input line 6416.
\Hy@abspage=\count93
\c@Item=\count94
\c@Hfootnote=\count95
)

Package hyperref Message: Driver (autodetected): hpdftex.

("C:\Program Files\MiKTeX 2.9\tex\latex\hyperref\hpdftex.def"
File: hpdftex.def 2016/06/24 v6.83q Hyperref driver for pdfTeX
\Fld@listcount=\count96
\c@bookmark@seq@number=\count97

("C:\Program Files\MiKTeX 2.9\tex\latex\oberdiek\rerunfilecheck.sty"
Package: rerunfilecheck 2016/05/16 v1.8 Rerun checks for auxiliary files (HO)
Package uniquecounter Info: New unique counter `rerunfilecheck' on input line 2
82.
)
\Hy@SectionHShift=\skip55
)
("C:\Program Files\MiKTeX 2.9\tex\latex\xcolor\xcolor.sty"
Package: xcolor 2016/05/11 v2.12 LaTeX color extensions (UK)

("C:\Program Files\MiKTeX 2.9\tex\latex\00miktex\color.cfg"
File: color.cfg 2016/01/02 v1.6 sample color configuration
)
Package xcolor Info: Driver file: pdftex.def on input line 225.

("C:\Program Files\MiKTeX 2.9\tex\latex\graphics-def\pdftex.def"
File: pdftex.def 2016/07/10 v0.06j Graphics/color for pdfTeX
\Gread@gobject=\count98
)
Package xcolor Info: Model `cmy' substituted by `cmy0' on input line 1348.
Package xcolor Info: Model `hsb' substituted by `rgb' on input line 1352.
Package xcolor Info: Model `RGB' extended on input line 1364.
Package xcolor Info: Model `HTML' substituted by `rgb' on input line 1366.
Package xcolor Info: Model `Hsb' substituted by `hsb' on input line 1367.
Package xcolor Info: Model `tHsb' substituted by `hsb' on input line 1368.
Package xcolor Info: Model `HSB' substituted by `hsb' on input line 1369.
Package xcolor Info: Model `Gray' substituted by `gray' on input line 1370.
Package xcolor Info: Model `wave' substituted by `hsb' on input line 1371.

("C:\Program Files\MiKTeX 2.9\tex\latex\graphics\dvipsnam.def"
File: dvipsnam.def 2016/06/17 v3.0m Driver-dependent file (DPC,SPQR)
))
("C:\Program Files\MiKTeX 2.9\tex\latex\psnfss\mathpazo.sty"
Package: mathpazo 2005/04/12 PSNFSS-v9.2a Palatino w/ Pazo Math (D.Puga, WaS) 
\symupright=\mathgroup4
)
("C:\Program Files\MiKTeX 2.9\tex\latex\microtype\microtype.sty"
Package: microtype 2017/07/07 v2.7 Micro-typographical refinements (RS)
\MT@toks=\toks15
\MT@count=\count99
LaTeX Info: Redefining \textls on input line 789.
\MT@outer@kern=\dimen107
LaTeX Info: Redefining \textmicrotypecontext on input line 1334.
\MT@listname@count=\count100

("C:\Program Files\MiKTeX 2.9\tex\latex\microtype\microtype-pdftex.def"
File: microtype-pdftex.def 2017/07/07 v2.7 Definitions specific to pdftex (RS)
LaTeX Info: Redefining \lsstyle on input line 912.
LaTeX Info: Redefining \lslig on input line 912.
\MT@outer@space=\skip56
)
Package microtype Info: Loading configuration file microtype.cfg.

("C:\Program Files\MiKTeX 2.9\tex\latex\microtype\microtype.cfg"
File: microtype.cfg 2017/07/07 v2.7 microtype main configuration file (RS)
))
Package classicthesis Info: A4 paper, Palatino or other on input line 272.
Package typearea Info: These are the values describing the layout:
(typearea)             DIV  = areaset
(typearea)             BCOR = 0.0pt
(typearea)             \paperwidth      = 597.50793pt
(typearea)              \textwidth      = 336.0pt
(typearea)              \evensidemargin = 58.48398pt
(typearea)              \oddsidemargin  = 58.48398pt
(typearea)             \paperheight     = 845.04694pt
(typearea)              \textheight     = 750.0pt
(typearea)              \topmargin      = -76.93768pt
(typearea)              \headheight     = 15.95pt
(typearea)              \headsep        = 20.40001pt
(typearea)              \topskip        = 11.0pt
(typearea)              \footskip       = 47.60002pt
(typearea)              \baselineskip   = 13.6pt
(typearea)              on input line 272.

("C:\Program Files\MiKTeX 2.9\tex\latex\booktabs\booktabs.sty"
Package: booktabs 2005/04/14 v1.61803 publication quality tables
\heavyrulewidth=\dimen108
\lightrulewidth=\dimen109
\cmidrulewidth=\dimen110
\belowrulesep=\dimen111
\belowbottomsep=\dimen112
\aboverulesep=\dimen113
\abovetopsep=\dimen114
\cmidrulesep=\dimen115
\cmidrulekern=\dimen116
\defaultaddspace=\dimen117
\@cmidla=\count101
\@cmidlb=\count102
\@aboverulesep=\dimen118
\@belowrulesep=\dimen119
\@thisruleclass=\count103
\@lastruleclass=\count104
\@thisrulewidth=\dimen120
)
("C:\Program Files\MiKTeX 2.9\tex\latex\textcase\textcase.sty"
Package: textcase 2004/10/07 v0.07 Text only upper/lower case changing (DPC)
)
("C:\Program Files\MiKTeX 2.9\tex\latex\soul\soul.sty"
Package: soul 2003/11/17 v2.4 letterspacing/underlining (mf)
\SOUL@word=\toks16
\SOUL@lasttoken=\toks17
\SOUL@cmds=\toks18
\SOUL@buffer=\toks19
\SOUL@token=\toks20
\SOUL@spaceskip=\skip57
\SOUL@ttwidth=\dimen121
\SOUL@uldp=\dimen122
\SOUL@ulht=\dimen123
)
("C:\Program Files\MiKTeX 2.9\tex\latex\koma-script\scrlayer-scrpage.sty"
Package: scrlayer-scrpage 2016/06/14 v3.21 KOMA-Script package (end user interf
ace for scrlayer)

("C:\Program Files\MiKTeX 2.9\tex\latex\koma-script\scrlayer.sty"
Package: scrlayer 2016/06/14 v3.21 KOMA-Script package (defining layers and pag
e styles)
Package scrlayer Info: Using already defined \footheight
(scrlayer)             hoping, that this is a length and
(scrlayer)             not only a macro on input line 107.
Package scrlayer Info: patching LaTeX kernel macro \pagestyle on input line 197
5.
)
Package scrlayer-scrpage Info: deactivating warning for font element
(scrlayer-scrpage)             `pagefoot' on input line 1191.
)
Package scrlayer-scrpage Info: auto-selection of `pagestyleset=KOMA-Script'.

1: subsection
1: section
1: section
1: subsection

Class scrartcl Warning: Usage of package `titlesec' together
(scrartcl)              with a KOMA-Script class is not recommended.
(scrartcl)              I'd suggest to use the package only
(scrartcl)              if you really need it, because it breaks several
(scrartcl)              KOMA-Script features, i.e., option `headings' and
(scrartcl)              the extended optional argument of the section
(scrartcl)              commands.
(scrartcl)              Nevertheless, using requested
(scrartcl)              package `titlesec' on input line 378.

("C:\Program Files\MiKTeX 2.9\tex\latex\titlesec\titlesec.sty"
Package: titlesec 2016/03/21 v2.10.2 Sectioning titles
\ttl@box=\box28
\beforetitleunit=\skip58
\aftertitleunit=\skip59
\ttl@plus=\dimen124
\ttl@minus=\dimen125
\ttl@toksa=\toks21
\titlewidth=\dimen126
\titlewidthlast=\dimen127
\titlewidthfirst=\dimen128


Package titlesec Warning: Non standard sectioning command detected
(titlesec)                Using default spacing and no format.


Package titlesec Warning: Non standard sectioning command detected
(titlesec)                Using default spacing and no format.


Package titlesec Warning: Non standard sectioning command detected
(titlesec)                Using default spacing and no format.


Package titlesec Warning: Non standard sectioning command detected
(titlesec)                Using default spacing and no format.


Package titlesec Warning: Non standard sectioning command detected
(titlesec)                Using default spacing and no format.

)

Package scrartcl Warning: Activating an ugly workaround for a missing
(scrartcl)                feature of package `titlesec` on input line 378.

("C:\Program Files\MiKTeX 2.9\tex\latex\tocloft\tocloft.sty"
Package: tocloft 2017/08/31 v2.3i parameterised ToC, etc., typesetting
Package tocloft Info: The document has section divisions on input line 51.
\cftparskip=\skip60
\cftbeforetoctitleskip=\skip61
\cftaftertoctitleskip=\skip62
\cftbeforepartskip=\skip63
\cftpartnumwidth=\skip64
\cftpartindent=\skip65
\cftbeforesecskip=\skip66
\cftsecindent=\skip67
\cftsecnumwidth=\skip68
\cftbeforesubsecskip=\skip69
\cftsubsecindent=\skip70
\cftsubsecnumwidth=\skip71
\cftbeforesubsubsecskip=\skip72
\cftsubsubsecindent=\skip73
\cftsubsubsecnumwidth=\skip74
\cftbeforeparaskip=\skip75
\cftparaindent=\skip76
\cftparanumwidth=\skip77
\cftbeforesubparaskip=\skip78
\cftsubparaindent=\skip79
\cftsubparanumwidth=\skip80
\cftbeforeloftitleskip=\skip81
\cftafterloftitleskip=\skip82
\cftbeforefigskip=\skip83
\cftfigindent=\skip84
\cftfignumwidth=\skip85
\c@lofdepth=\count105
\c@lotdepth=\count106
\cftbeforelottitleskip=\skip86
\cftafterlottitleskip=\skip87
\cftbeforetabskip=\skip88
\cfttabindent=\skip89
\cfttabnumwidth=\skip90
)
\newnumberwidth=\skip91
\beforebibskip=\skip92
\newchnumberwidth=\skip93
\figurelabelwidth=\skip94
\tablelabelwidth=\skip95

Using KOMA-command "deffootnote" for footnote setup
("C:\Program Files\MiKTeX 2.9\tex\latex\koma-script\scrtime.sty"
Package: scrtime 2016/06/14 v3.21 KOMA-Script package (time of LaTeX run)
)
("C:\Program Files\MiKTeX 2.9\tex\latex\carlisle\remreset.sty"))
("C:\Program Files\MiKTeX 2.9\tex\latex\currvita\currvita.sty"
Package: currvita 1999/09/13 v0.9i Typesetting a Curriculum Vitae
\@cvlistheading=\box29
\cvlabelsep=\skip96
\cvlabelskip=\skip97
\cvlabelwidth=\skip98
)
Package hyperref Info: Option `colorlinks' set `true' on input line 33.
Package hyperref Info: Option `breaklinks' set `true' on input line 33.
\datebox=\skip99

No file cv_8.aux.
\openout1 = `cv_8.aux'.

LaTeX Font Info:    Checking defaults for OML/cmm/m/it on input line 44.
LaTeX Font Info:    ... okay on input line 44.
LaTeX Font Info:    Checking defaults for T1/cmr/m/n on input line 44.
LaTeX Font Info:    ... okay on input line 44.
LaTeX Font Info:    Checking defaults for OT1/cmr/m/n on input line 44.
LaTeX Font Info:    ... okay on input line 44.
LaTeX Font Info:    Checking defaults for OMS/cmsy/m/n on input line 44.
LaTeX Font Info:    ... okay on input line 44.
LaTeX Font Info:    Checking defaults for OMX/cmex/m/n on input line 44.
LaTeX Font Info:    ... okay on input line 44.
LaTeX Font Info:    Checking defaults for U/cmr/m/n on input line 44.
LaTeX Font Info:    ... okay on input line 44.
LaTeX Font Info:    Checking defaults for PD1/pdf/m/n on input line 44.
LaTeX Font Info:    ... okay on input line 44.
LaTeX Font Info:    Try loading font information for OT1+pplj on input line 44.

("C:\Program Files\MiKTeX 2.9\tex\latex\psnfss\ot1pplj.fd"
File: ot1pplj.fd 2004/09/06 font definitions for OT1/pplj.
)
\AtBeginShipoutBox=\box30
Package hyperref Info: Link coloring ON on input line 44.

("C:\Program Files\MiKTeX 2.9\tex\latex\hyperref\nameref.sty"
Package: nameref 2016/05/21 v2.44 Cross-referencing by name of section

("C:\Program Files\MiKTeX 2.9\tex\generic\oberdiek\gettitlestring.sty"
Package: gettitlestring 2016/05/16 v1.5 Cleanup title references (HO)
)
\c@section@level=\count107
)
LaTeX Info: Redefining \ref on input line 44.
LaTeX Info: Redefining \pageref on input line 44.
LaTeX Info: Redefining \nameref on input line 44.
\@outlinefile=\write3
\openout3 = `cv_8.out'.


("C:\Program Files\MiKTeX 2.9\tex\context\base\supp-pdf.mkii"
[Loading MPS to PDF converter (version 2006.09.02).]
\scratchcounter=\count108
\scratchdimen=\dimen129
\scratchbox=\box31
\nofMPsegments=\count109
\nofMParguments=\count110
\everyMPshowfont=\toks22
\MPscratchCnt=\count111
\MPscratchDim=\dimen130
\MPnumerator=\count112
\makeMPintoPDFobject=\count113
\everyMPtoPDFconversion=\toks23
)
\big@size=\dimen131
LaTeX Info: Redefining \microtypecontext on input line 44.
Package microtype Info: Generating PDF output.
Package microtype Info: Character protrusion enabled (level 2).
Package microtype Info: Using default protrusion set `alltext'.
Package microtype Info: Automatic font expansion enabled (level 2),
(microtype)             stretch: 20, shrink: 20, step: 1, non-selected.
Package microtype Info: Using default expansion set `basictext'.
Package microtype Info: No adjustment of tracking.
Package microtype Info: No adjustment of interword spacing.
Package microtype Info: No adjustment of character kerning.
 ("C:\Program Files\MiKTeX 2.9\tex\latex\microtype\mt-ppl.cfg"
File: mt-ppl.cfg 2005/11/16 v1.6 microtype config. file: Palatino (RS)
)
Package microtype Info: Character `013' is missing
(microtype)             in font `OT1/pplj/m/sc/10.95'.
(microtype)             Ignoring protrusion settings for this character.
LaTeX Font Info:    Try loading font information for OT1+pplx on input line 56.


("C:\Program Files\MiKTeX 2.9\tex\latex\psnfss\ot1pplx.fd"
File: ot1pplx.fd 2004/09/06 font definitions for OT1/pplx.
)
LaTeX Font Info:    Try loading font information for OML+zplm on input line 56.


("C:\Program Files\MiKTeX 2.9\tex\latex\psnfss\omlzplm.fd"
File: omlzplm.fd 2002/09/08 Fontinst v1.914 font definitions for OML/zplm.
)
LaTeX Font Info:    Try loading font information for OMS+zplm on input line 56.


("C:\Program Files\MiKTeX 2.9\tex\latex\psnfss\omszplm.fd"
File: omszplm.fd 2002/09/08 Fontinst v1.914 font definitions for OMS/zplm.
)
LaTeX Font Info:    Try loading font information for OMX+zplm on input line 56.


("C:\Program Files\MiKTeX 2.9\tex\latex\psnfss\omxzplm.fd"
File: omxzplm.fd 2002/09/08 Fontinst v1.914 font definitions for OMX/zplm.
)
LaTeX Font Info:    Try loading font information for OT1+zplm on input line 56.


("C:\Program Files\MiKTeX 2.9\tex\latex\psnfss\ot1zplm.fd"
File: ot1zplm.fd 2002/09/08 Fontinst v1.914 font definitions for OT1/zplm.
)
Package microtype Info: Loading generic protrusion settings for font family
(microtype)             `zplm' (encoding: OT1).
(microtype)             For optimal results, create family-specific settings.
(microtype)             See the microtype manual for details.
Package microtype Info: Character `013' is missing
(microtype)             in font `OT1/pplj/m/sc/9'.
(microtype)             Ignoring protrusion settings for this character.
 [1

{C:/ProgramData/MiKTeX/2.9/pdftex/config/pdftex.map}]
\langbox=\skip100
Package atveryend Info: Empty hook `BeforeClearDocument' on input line 205.
 [2]
Package atveryend Info: Empty hook `AfterLastShipout' on input line 205.
 (cv_8.aux)
Package atveryend Info: Executing hook `AtVeryEndDocument' on input line 205.
Package atveryend Info: Executing hook `AtEndAfterFileList' on input line 205.


Package rerunfilecheck Warning: File `cv_8.out' has changed.
(rerunfilecheck)                Rerun to get outlines right
(rerunfilecheck)                or use package `bookmark'.

Package rerunfilecheck Info: Checksums for `cv_8.out':
(rerunfilecheck)             Before: <no file>
(rerunfilecheck)             After:  D41D8CD98F00B204E9800998ECF8427E;0.
Package atveryend Info: Empty hook `AtVeryVeryEnd' on input line 205.
 ) 
Here is how much of TeX's memory you used:
 11505 strings out of 493334
 212742 string characters out of 3139239
 431675 words of memory out of 3000000
 14801 multiletter control sequences out of 15000+200000
 47500 words of font info for 157 fonts, out of 3000000 for 9000
 1141 hyphenation exceptions out of 8191
 60i,22n,80p,8817b,445s stack positions out of 5000i,500n,10000p,200000b,50000s
{C:/Program Files/MiKTeX 2.9/fonts/enc/dvips/fontname/8r.enc}<C:/Program File
s/MiKTeX 2.9/fonts/type1/public/amsfonts/cm/cmsy10.pfb><C:/Program Files/MiKTeX
 2.9/fonts/type1/public/fpl/fplrc8a.pfb><C:/Program Files/MiKTeX 2.9/fonts/type
1/public/fpl/fplrij8a.pfb><C:/Program Files/MiKTeX 2.9/fonts/type1/urw/palatino
/uplr8a.pfb><C:/Program Files/MiKTeX 2.9/fonts/type1/urw/palatino/uplri8a.pfb>
Output written on cv_8.pdf (2 pages, 68975 bytes).
PDF statistics:
 41 PDF objects out of 1000 (max. 8388607)
 3 named destinations out of 1000 (max. 500000)
 62977 words of extra memory for PDF output out of 74296 (max. 10000000)

