\BOOKMARK [0][-]{section*.1}{\376\377\000N\000o\000t\000a\000s\000\040\000d\000e\000l\000\040\000a\000u\000t\000o\000r}{}% 1
\BOOKMARK [0][-]{section*.2}{\376\377\000R\000e\000s\000u\000m\000e\000n}{}% 2
\BOOKMARK [0][-]{section*.3}{\376\377\000A\000g\000r\000a\000d\000e\000c\000i\000m\000i\000e\000n\000t\000o\000s}{}% 3
\BOOKMARK [0][-]{chapter.10}{\376\377\000I\000n\000t\000r\000o\000d\000u\000c\000c\000i\000\363\000n}{}% 4
\BOOKMARK [0][-]{chapter.11}{\376\377\000M\000a\000r\000c\000o\000\040\000T\000e\000\363\000r\000i\000c\000o}{}% 5
\BOOKMARK [1][-]{section.12}{\376\377\000T\000e\000o\000r\000\355\000a\000\040\000d\000e\000\040\000D\000e\000t\000e\000c\000c\000i\000\363\000n\000\040\000d\000e\000\040\000S\000e\000\361\000a\000l\000e\000s}{chapter.11}% 6
\BOOKMARK [2][-]{subsection.13}{\376\377\000S\000u\000p\000u\000e\000s\000t\000o\000s\000\040\000g\000e\000n\000e\000r\000a\000l\000e\000s\000\040\000d\000e\000l\000\040\000m\000o\000d\000e\000l\000o}{section.12}% 7
\BOOKMARK [2][-]{subsection.21}{\376\377\000P\000a\000r\000\341\000m\000e\000t\000r\000o\000s\000\040\000d\000e\000l\000\040\000m\000o\000d\000e\000l\000o}{section.12}% 8
\BOOKMARK [2][-]{subsection.32}{\376\377\000C\000u\000r\000v\000a\000s\000\040\000R\000O\000C}{section.12}% 9
\BOOKMARK [2][-]{subsection.34}{\376\377\000T\000a\000r\000e\000a\000s\000\040\000d\000e\000\040\000d\000e\000t\000e\000c\000c\000i\000\363\000n}{section.12}% 10
\BOOKMARK [1][-]{section.36}{\376\377\000T\000e\000o\000r\000\355\000a\000\040\000d\000e\000\040\000D\000e\000t\000e\000c\000c\000i\000\363\000n\000\040\000d\000e\000\040\000S\000e\000\361\000a\000l\000e\000s\000\040\000e\000n\000\040\000M\000e\000m\000o\000r\000i\000a}{chapter.11}% 11
\BOOKMARK [2][-]{subsection.41}{\376\377\000\040\000M\000e\000m\000o\000r\000i\000a\000\040\000d\000e\000\040\000R\000e\000c\000o\000n\000o\000c\000i\000m\000i\000e\000n\000t\000o}{section.36}% 12
\BOOKMARK [1][-]{section.44}{\376\377\000E\000l\000\040\000E\000f\000e\000c\000t\000o\000\040\000E\000s\000p\000e\000j\000o}{chapter.11}% 13
\BOOKMARK [2][-]{subsection.46}{\376\377\000E\000v\000i\000d\000e\000n\000c\000i\000a\000\040\000r\000e\000c\000o\000l\000e\000c\000t\000a\000d\000a}{section.44}% 14
\BOOKMARK [2][-]{subsection.49}{\376\377\000R\000e\000l\000e\000v\000a\000n\000c\000i\000a\000,\000\040\000i\000m\000p\000l\000i\000c\000a\000c\000i\000o\000n\000e\000s\000\040\000e\000\040\000i\000n\000t\000e\000r\000p\000r\000e\000t\000a\000c\000i\000o\000n\000e\000s}{section.44}% 15
\BOOKMARK [1][-]{section.56}{\376\377\000P\000l\000a\000n\000t\000e\000a\000m\000i\000e\000n\000t\000o\000\040\000d\000e\000l\000\040\000p\000r\000o\000b\000l\000e\000m\000a}{chapter.11}% 16
\BOOKMARK [0][-]{chapter.57}{\376\377\000M\000\351\000t\000o\000d\000o}{}% 17
\BOOKMARK [1][-]{section.58}{\376\377\000P\000l\000a\000n\000t\000e\000a\000m\000i\000e\000n\000t\000o\000\040\000g\000e\000n\000e\000r\000a\000l}{chapter.57}% 18
\BOOKMARK [2][-]{subsection.59}{\376\377\000O\000b\000j\000e\000t\000i\000v\000o}{section.58}% 19
\BOOKMARK [1][-]{section.60}{\376\377\000C\000o\000n\000s\000t\000r\000u\000c\000c\000i\000\363\000n\000\040\000d\000e\000\040\000l\000o\000s\000\040\000E\000x\000p\000e\000r\000i\000m\000e\000n\000t\000o\000s}{chapter.57}% 20
\BOOKMARK [2][-]{subsection.63}{\376\377\000D\000i\000s\000e\000\361\000o\000\040\000d\000e\000\040\000l\000o\000s\000\040\000E\000s\000t\000\355\000m\000u\000l\000o\000s}{section.60}% 21
\BOOKMARK [2][-]{subsection.64}{\376\377\000M\000a\000t\000e\000r\000i\000a\000l\000e\000s}{section.60}% 22
\BOOKMARK [2][-]{subsection.65}{\376\377\000P\000a\000r\000t\000i\000c\000i\000p\000a\000n\000t\000e\000s}{section.60}% 23
\BOOKMARK [1][-]{section.66}{\376\377\000P\000r\000o\000c\000e\000d\000i\000m\000i\000e\000n\000t\000o}{chapter.57}% 24
\BOOKMARK [0][-]{chapter.71}{\376\377\000R\000e\000s\000u\000l\000t\000a\000d\000o\000s}{}% 25
\BOOKMARK [1][-]{section.72}{\376\377\000D\000a\000t\000o\000s\000\040\000r\000e\000c\000o\000l\000e\000c\000t\000a\000d\000o\000s}{chapter.71}% 26
\BOOKMARK [2][-]{subsection.76}{\376\377\000C\000o\000n\000t\000r\000o\000l\000\040\0001\000:\000\040\000\277\000L\000o\000s\000\040\000p\000a\000r\000t\000i\000c\000i\000p\000a\000n\000t\000e\000s\000\040\000e\000s\000t\000a\000b\000a\000n\000\040\000p\000o\000n\000i\000e\000n\000d\000o\000\040\000a\000t\000e\000n\000c\000i\000\363\000n\000\040\000a\000\040\000l\000a\000\040\000t\000a\000r\000e\000a\000\040\000a\000l\000\040\000e\000m\000i\000t\000i\000r\000\040\000s\000u\000s\000\040\000r\000e\000s\000p\000u\000e\000s\000t\000a\000s\000?}{section.72}% 27
\BOOKMARK [2][-]{subsection.80}{\376\377\000C\000o\000n\000t\000r\000o\000l\000\040\0002\000:\000\040\000\277\000L\000a\000\040\000d\000u\000r\000a\000c\000i\000\363\000n\000\040\000d\000e\000l\000\040\000e\000x\000p\000e\000r\000i\000m\000e\000n\000t\000o\000\040\000t\000u\000v\000o\000\040\000u\000n\000\040\000i\000m\000p\000a\000c\000t\000o\000\040\000e\000n\000\040\000l\000a\000\040\000e\000j\000e\000c\000u\000c\000i\000\363\000n\000\040\000d\000e\000\040\000l\000o\000s\000\040\000p\000a\000r\000t\000i\000c\000i\000p\000a\000n\000t\000e\000s\000?}{section.72}% 28
\BOOKMARK [2][-]{subsection.83}{\376\377\000C\000o\000n\000t\000r\000o\000l\000\040\0003\000:\000\040\000\277\000E\000l\000\040\000d\000i\000s\000e\000\361\000o\000\040\000d\000e\000\040\000l\000o\000s\000\040\000e\000s\000t\000\355\000m\000u\000l\000o\000s\000\040\000a\000f\000e\000c\000t\000a\000r\000o\000n\000\040\000e\000l\000\040\000d\000e\000s\000e\000m\000p\000e\000\361\000o\000\040\000d\000e\000\040\000l\000o\000s\000\040\000p\000a\000r\000t\000i\000c\000i\000p\000a\000n\000t\000e\000s\000?}{section.72}% 29
\BOOKMARK [1][-]{section.86}{\376\377\000A\000n\000\341\000l\000i\000s\000i\000s\000\040\000e\000s\000t\000a\000d\000\355\000s\000t\000i\000c\000o\000s}{chapter.71}% 30
\BOOKMARK [2][-]{subsection.91}{\376\377\000E\000v\000a\000l\000u\000a\000c\000i\000\363\000n\000\040\000d\000e\000\040\000l\000a\000s\000\040\000d\000i\000f\000e\000r\000e\000n\000c\000i\000a\000s\000\040\000e\000n\000t\000r\000e\000\040\000l\000a\000s\000\040\000c\000l\000a\000s\000e\000s\000\040\000d\000e\000\040\000e\000s\000t\000\355\000m\000u\000l\000o\000s\000\040\000p\000r\000o\000p\000u\000e\000s\000t\000a\000s}{section.86}% 31
\BOOKMARK [2][-]{subsection.99}{\376\377\000D\000i\000f\000e\000r\000e\000n\000c\000i\000a\000s\000\040\000e\000n\000\040\000l\000a\000s\000\040\000T\000a\000s\000a\000s\000\040\000d\000e\000\040\000H\000i\000t\000s\000\040\000y\000\040\000F\000a\000l\000s\000a\000s\000\040\000A\000l\000a\000r\000m\000a\000s}{section.86}% 32
\BOOKMARK [2][-]{subsection.104}{\376\377\000D\000i\000f\000e\000r\000e\000n\000c\000i\000a\000s\000\040\000e\000n\000\040\000l\000a\000\040\000a\000s\000i\000g\000n\000a\000c\000i\000\363\000n\000\040\000d\000e\000\040\000P\000u\000n\000t\000a\000j\000e\000s\000\040\000d\000e\000\040\000C\000o\000n\000f\000i\000a\000n\000z\000a}{section.86}% 33
\BOOKMARK [2][-]{subsection.107}{\376\377\000R\000\351\000p\000l\000i\000c\000a\000\040\000d\000e\000\040\000c\000o\000n\000t\000r\000o\000l\000e\000s\000\040\000r\000e\000p\000o\000r\000t\000a\000d\000o\000s\000\040\000e\000n\000\040\000l\000a\000\040\000l\000i\000t\000e\000r\000a\000t\000u\000r\000a}{section.86}% 34
\BOOKMARK [0][-]{chapter.108}{\376\377\000D\000i\000s\000c\000u\000s\000i\000\363\000n\000\040\000y\000\040\000C\000o\000n\000c\000l\000u\000s\000i\000o\000n\000e\000s}{}% 35
\BOOKMARK [1][-]{section.109}{\376\377\000R\000e\000c\000a\000p\000i\000t\000u\000l\000a\000n\000d\000o}{chapter.108}% 36
\BOOKMARK [2][-]{subsection.110}{\376\377\000C\000o\000n\000s\000t\000r\000u\000c\000c\000i\000\363\000n\000\040\000d\000e\000\040\000l\000a\000\040\000T\000a\000r\000e\000a}{section.109}% 37
\BOOKMARK [0][-]{appendix.111}{\376\377\000R\000e\000g\000i\000s\000t\000r\000o\000\040\000d\000e\000\040\000r\000e\000s\000p\000u\000e\000s\000t\000a}{}% 38
\BOOKMARK [0][-]{appendix.113}{\376\377\000D\000a\000t\000o\000s\000\040\000\050\000E\000x\000t\000e\000n\000s\000i\000\363\000n\000\051}{}% 39
\BOOKMARK [0][-]{appendix*.132}{\376\377\000B\000i\000b\000l\000i\000o\000g\000r\000a\000f\000\355\000a}{}% 40
