This is pdfTeX, Version 3.14159265-2.6-1.40.17 (MiKTeX 2.9 64-bit) (preloaded format=pdflatex 2016.10.25)  26 JAN 2018 12:11
entering extended mode
**./App_Data.tex
(App_Data.tex
LaTeX2e <2016/03/31> patch level 3
Babel <3.9r> and hyphenation patterns for 75 language(s) loaded.
! Undefined control sequence.
l.3 \chapter
            {Datos (Extensi√≥n)} % Main appendix title
? 

! LaTeX Error: Missing \begin{document}.

See the LaTeX manual or LaTeX Companion for explanation.
Type  H <return>  for immediate help.
 ...                                              
                                                  
l.3 \chapter{D
              atos (Extensi√≥n)} % Main appendix title
? 
Missing character: There is no D in font nullfont!
Missing character: There is no a in font nullfont!
Missing character: There is no t in font nullfont!
Missing character: There is no o in font nullfont!
Missing character: There is no s in font nullfont!
Missing character: There is no ( in font nullfont!
Missing character: There is no E in font nullfont!
Missing character: There is no x in font nullfont!
Missing character: There is no t in font nullfont!
Missing character: There is no e in font nullfont!
Missing character: There is no n in font nullfont!
Missing character: There is no s in font nullfont!
Missing character: There is no i in font nullfont!
Missing character: There is no √ in font nullfont!
Missing character: There is no ≥ in font nullfont!
Missing character: There is no n in font nullfont!
Missing character: There is no ) in font nullfont!

Overfull \hbox (20.0pt too wide) in paragraph at lines 3--4
[]
 []


! LaTeX Error: Environment figure undefined.

See the LaTeX manual or LaTeX Companion for explanation.
Type  H <return>  for immediate help.
 ...                                              
                                                  
l.7 \begin{figure}
                  [th]
? 

! LaTeX Error: Missing \begin{document}.

See the LaTeX manual or LaTeX Companion for explanation.
Type  H <return>  for immediate help.
 ...                                              
                                                  
l.7 \begin{figure}[
                   th]
? 
Missing character: There is no [ in font nullfont!
Missing character: There is no t in font nullfont!
Missing character: There is no h in font nullfont!
Missing character: There is no ] in font nullfont!
! Undefined control sequence.
l.9 \includegraphics
                    [width=0.30\textwidth]{Figures/Response_Exp1_P1} \includ...

? 
Missing character: There is no [ in font nullfont!
Missing character: There is no w in font nullfont!
Missing character: There is no i in font nullfont!
Missing character: There is no d in font nullfont!
Missing character: There is no t in font nullfont!
Missing character: There is no h in font nullfont!
Missing character: There is no = in font nullfont!
Missing character: There is no 0 in font nullfont!
Missing character: There is no . in font nullfont!
Missing character: There is no 3 in font nullfont!
Missing character: There is no 0 in font nullfont!
! Missing number, treated as zero.
<to be read again> 
                   ]
l.9 \includegraphics[width=0.30\textwidth]
                                          {Figures/Response_Exp1_P1} \includ...

? 
! Illegal unit of measure (pt inserted).
<to be read again> 
                   ]
l.9 \includegraphics[width=0.30\textwidth]
                                          {Figures/Response_Exp1_P1} \includ...

? 
Missing character: There is no ] in font nullfont!
Missing character: There is no F in font nullfont!
Missing character: There is no i in font nullfont!
Missing character: There is no g in font nullfont!
Missing character: There is no u in font nullfont!
Missing character: There is no r in font nullfont!
Missing character: There is no e in font nullfont!
Missing character: There is no s in font nullfont!
Missing character: There is no / in font nullfont!
Missing character: There is no R in font nullfont!
Missing character: There is no e in font nullfont!
Missing character: There is no s in font nullfont!
Missing character: There is no p in font nullfont!
Missing character: There is no o in font nullfont!
Missing character: There is no n in font nullfont!
Missing character: There is no s in font nullfont!
Missing character: There is no e in font nullfont!
! Missing $ inserted.
<inserted text> 
                $
l.9 ...ics[width=0.30\textwidth]{Figures/Response_
                                                  Exp1_P1} \includegraphics[...

? 
LaTeX Font Info:    External font `cmex10' loaded for size
(Font)              <7> on input line 9.
LaTeX Font Info:    External font `cmex10' loaded for size
(Font)              <5> on input line 9.
! Extra }, or forgotten $.
l.9 ...h=0.30\textwidth]{Figures/Response_Exp1_P1}
                                                   \includegraphics[width=0....

? 
! Undefined control sequence.
l.9 ...{Figures/Response_Exp1_P1} \includegraphics
                                                  [width=0.30\textwidth]{Fig...

? 
! Missing number, treated as zero.
<to be read again> 
                   ]
l.9 ..._P1} \includegraphics[width=0.30\textwidth]
                                                  {Figures/Response_Exp1_P2}...

? 
! Illegal unit of measure (pt inserted).
<to be read again> 
                   ]
l.9 ..._P1} \includegraphics[width=0.30\textwidth]
                                                  {Figures/Response_Exp1_P2}...

? 
! Undefined control sequence.
l.9 ...{Figures/Response_Exp1_P2} \includegraphics
                                                  [width=0.30\textwidth]{Fig...

? 
! Missing number, treated as zero.
<to be read again> 
                   ]
l.9 ..._P2} \includegraphics[width=0.30\textwidth]
                                                  {Figures/Response_Exp1_P3}
? 
! Illegal unit of measure (pt inserted).
<to be read again> 
                   ]
l.9 ..._P2} \includegraphics[width=0.30\textwidth]
                                                  {Figures/Response_Exp1_P3}
? 
! Undefined control sequence.
l.10 \includegraphics
                     [width=0.30\textwidth]{Figures/Response_Exp1_P4} \inclu...

? 
! Missing number, treated as zero.
<to be read again> 
                   ]
l.10 \includegraphics[width=0.30\textwidth]
                                           {Figures/Response_Exp1_P4} \inclu...

? 
! Illegal unit of measure (pt inserted).
<to be read again> 
                   ]
l.10 \includegraphics[width=0.30\textwidth]
                                           {Figures/Response_Exp1_P4} \inclu...

? 
! Undefined control sequence.
l.10 ...Figures/Response_Exp1_P4} \includegraphics
                                                  [width=0.30\textwidth]{Fig...

? 
! Missing number, treated as zero.
<to be read again> 
                   ]
l.10 ...P4} \includegraphics[width=0.30\textwidth]
                                                  {Figures/Response_Exp1_P5}...

? 
! Illegal unit of measure (pt inserted).
<to be read again> 
                   ]
l.10 ...P4} \includegraphics[width=0.30\textwidth]
                                                  {Figures/Response_Exp1_P5}...

? 
! Undefined control sequence.
l.10 ...Figures/Response_Exp1_P5} \includegraphics
                                                  [width=0.30\textwidth]{Fig...

? 
! Missing number, treated as zero.
<to be read again> 
                   ]
l.10 ...P5} \includegraphics[width=0.30\textwidth]
                                                  {Figures/Response_Exp1_P6}
? 
! Illegal unit of measure (pt inserted).
<to be read again> 
                   ]
l.10 ...P5} \includegraphics[width=0.30\textwidth]
                                                  {Figures/Response_Exp1_P6}
? 
! Undefined control sequence.
l.11 \includegraphics
                     [width=0.30\textwidth]{Figures/Response_Exp1_P7} \inclu...

? 
! Missing number, treated as zero.
<to be read again> 
                   ]
l.11 \includegraphics[width=0.30\textwidth]
                                           {Figures/Response_Exp1_P7} \inclu...

? 
! Illegal unit of measure (pt inserted).
<to be read again> 
                   ]
l.11 \includegraphics[width=0.30\textwidth]
                                           {Figures/Response_Exp1_P7} \inclu...

? 
! Undefined control sequence.
l.11 ...Figures/Response_Exp1_P7} \includegraphics
                                                  [width=0.30\textwidth]{Fig...

? 
! Missing number, treated as zero.
<to be read again> 
                   ]
l.11 ...P7} \includegraphics[width=0.30\textwidth]
                                                  {Figures/Response_Exp1_P8}...

? 
! Illegal unit of measure (pt inserted).
<to be read again> 
                   ]
l.11 ...P7} \includegraphics[width=0.30\textwidth]
                                                  {Figures/Response_Exp1_P8}...

? 
! Undefined control sequence.
l.11 ...Figures/Response_Exp1_P8} \includegraphics
                                                  [width=0.30\textwidth]{Fig...

? 
! Missing number, treated as zero.
<to be read again> 
                   ]
l.11 ...P8} \includegraphics[width=0.30\textwidth]
                                                  {Figures/Response_Exp1_P9}
? 
! Illegal unit of measure (pt inserted).
<to be read again> 
                   ]
l.11 ...P8} \includegraphics[width=0.30\textwidth]
                                                  {Figures/Response_Exp1_P9}
? 
! Undefined control sequence.
l.12 \includegraphics
                     [width=0.30\textwidth]{Figures/Response_Exp1_P10} \incl...

? 
! Missing number, treated as zero.
<to be read again> 
                   ]
l.12 \includegraphics[width=0.30\textwidth]
                                           {Figures/Response_Exp1_P10} \incl...

? 
! Illegal unit of measure (pt inserted).
<to be read again> 
                   ]
l.12 \includegraphics[width=0.30\textwidth]
                                           {Figures/Response_Exp1_P10} \incl...

? 
! Undefined control sequence.
l.12 ...igures/Response_Exp1_P10} \includegraphics
                                                  [width=0.30\textwidth]{Fig...

? 
! Missing number, treated as zero.
<to be read again> 
                   ]
l.12 ...10} \includegraphics[width=0.30\textwidth]
                                                  {Figures/Response_Exp1_P11...

? 
! Illegal unit of measure (pt inserted).
<to be read again> 
                   ]
l.12 ...10} \includegraphics[width=0.30\textwidth]
                                                  {Figures/Response_Exp1_P11...

? 
! Undefined control sequence.
l.12 ...igures/Response_Exp1_P11} \includegraphics
                                                  [width=0.30\textwidth]{Fig...

? 
! Missing number, treated as zero.
<to be read again> 
                   ]
l.12 ...11} \includegraphics[width=0.30\textwidth]
                                                  {Figures/Response_Exp1_P12}
? 
! Illegal unit of measure (pt inserted).
<to be read again> 
                   ]
l.12 ...11} \includegraphics[width=0.30\textwidth]
                                                  {Figures/Response_Exp1_P12}
? 
! Undefined control sequence.
l.13 \includegraphics
                     [width=0.30\textwidth]{Figures/Response_Exp1_P13} \incl...

? 
! Missing number, treated as zero.
<to be read again> 
                   ]
l.13 \includegraphics[width=0.30\textwidth]
                                           {Figures/Response_Exp1_P13} \incl...

? 
! Illegal unit of measure (pt inserted).
<to be read again> 
                   ]
l.13 \includegraphics[width=0.30\textwidth]
                                           {Figures/Response_Exp1_P13} \incl...

? 
! Undefined control sequence.
l.13 ...igures/Response_Exp1_P13} \includegraphics
                                                  [width=0.30\textwidth]{Fig...

? 
! Missing number, treated as zero.
<to be read again> 
                   ]
l.13 ...13} \includegraphics[width=0.30\textwidth]
                                                  {Figures/Response_Exp1_P14...

? 
! Illegal unit of measure (pt inserted).
<to be read again> 
                   ]
l.13 ...13} \includegraphics[width=0.30\textwidth]
                                                  {Figures/Response_Exp1_P14...

? 
! Undefined control sequence.
l.13 ...igures/Response_Exp1_P14} \includegraphics
                                                  [width=0.30\textwidth]{Fig...

? 
! Missing number, treated as zero.
<to be read again> 
                   ]
l.13 ...14} \includegraphics[width=0.30\textwidth]
                                                  {Figures/Response_Exp1_P15}
? 
! Illegal unit of measure (pt inserted).
<to be read again> 
                   ]
l.13 ...14} \includegraphics[width=0.30\textwidth]
                                                  {Figures/Response_Exp1_P15}
? 
! Undefined control sequence.
l.14 \includegraphics
                     [width=0.30\textwidth]{Figures/Response_Exp1_P16} \incl...

? 
! Missing number, treated as zero.
<to be read again> 
                   ]
l.14 \includegraphics[width=0.30\textwidth]
                                           {Figures/Response_Exp1_P16} \incl...

? 
! Illegal unit of measure (pt inserted).
<to be read again> 
                   ]
l.14 \includegraphics[width=0.30\textwidth]
                                           {Figures/Response_Exp1_P16} \incl...

? 
! Undefined control sequence.
l.14 ...igures/Response_Exp1_P16} \includegraphics
                                                  [width=0.30\textwidth]{Fig...

? 
! Missing number, treated as zero.
<to be read again> 
                   ]
l.14 ...16} \includegraphics[width=0.30\textwidth]
                                                  {Figures/Response_Exp1_P17...

? 
! Illegal unit of measure (pt inserted).
<to be read again> 
                   ]
l.14 ...16} \includegraphics[width=0.30\textwidth]
                                                  {Figures/Response_Exp1_P17...

? 
! Undefined control sequence.
l.14 ...igures/Response_Exp1_P17} \includegraphics
                                                  [width=0.30\textwidth]{Fig...

? 
! Missing number, treated as zero.
<to be read again> 
                   ]
l.14 ...17} \includegraphics[width=0.30\textwidth]
                                                  {Figures/Response_Exp1_P18}
? 
! Illegal unit of measure (pt inserted).
<to be read again> 
                   ]
l.14 ...17} \includegraphics[width=0.30\textwidth]
                                                  {Figures/Response_Exp1_P18}
? 
! Undefined control sequence.
l.15 \includegraphics
                     [width=0.30\textwidth]{Figures/Response_Exp1_P19} \incl...

? 
! Missing number, treated as zero.
<to be read again> 
                   ]
l.15 \includegraphics[width=0.30\textwidth]
                                           {Figures/Response_Exp1_P19} \incl...

? 
! Illegal unit of measure (pt inserted).
<to be read again> 
                   ]
l.15 \includegraphics[width=0.30\textwidth]
                                           {Figures/Response_Exp1_P19} \incl...

? 
! Undefined control sequence.
l.15 ...igures/Response_Exp1_P19} \includegraphics
                                                  [width=0.30\textwidth]{Fig...

? 
! Missing number, treated as zero.
<to be read again> 
                   ]
l.15 ...19} \includegraphics[width=0.30\textwidth]
                                                  {Figures/Response_Exp1_P20}
? 
! Illegal unit of measure (pt inserted).
<to be read again> 
                   ]
l.15 ...19} \includegraphics[width=0.30\textwidth]
                                                  {Figures/Response_Exp1_P20}
? 