\BOOKMARK [0][-]{section*.1}{\376\377\000D\000e\000c\000l\000a\000r\000a\000c\000i\000o\000n\000\040\000d\000e\000\040\000A\000u\000t\000o\000r\000i\000a}{}% 1
\BOOKMARK [0][-]{section*.2}{\376\377\000R\000e\000s\000u\000m\000e\000n}{}% 2
\BOOKMARK [0][-]{section*.3}{\376\377\000A\000g\000r\000a\000d\000e\000c\000i\000m\000i\000e\000n\000t\000o\000s}{}% 3
\BOOKMARK [0][-]{chapter.10}{\376\377\000T\000e\000o\000r\000\355\000a\000\040\000d\000e\000\040\000D\000e\000t\000e\000c\000c\000i\000\363\000n\000\040\000d\000e\000\040\000S\000e\000\361\000a\000l\000e\000s}{}% 4
\BOOKMARK [1][-]{section.11}{\376\377\000I\000n\000t\000r\000o\000d\000u\000c\000c\000i\000\363\000n\000:\000\040\000D\000e\000t\000e\000c\000c\000i\000\363\000n\000\040\000e\000\040\000I\000n\000c\000e\000r\000t\000i\000d\000u\000m\000b\000r\000e}{chapter.10}% 5
\BOOKMARK [1][-]{section.12}{\376\377\000T\000e\000o\000r\000\355\000a\000\040\000d\000e\000\040\000D\000e\000t\000e\000c\000c\000i\000\363\000n\000\040\000d\000e\000\040\000S\000e\000\361\000a\000l\000e\000s}{chapter.10}% 6
\BOOKMARK [2][-]{subsection.13}{\376\377\000S\000u\000p\000u\000e\000s\000t\000o\000s\000\040\000g\000e\000n\000e\000r\000a\000l\000e\000s\000\040\000d\000e\000l\000\040\000m\000o\000d\000e\000l\000o}{section.12}% 7
\BOOKMARK [2][-]{subsection.14}{\376\377\000P\000a\000r\000\341\000m\000e\000t\000r\000o\000s\000\040\000d\000e\000l\000\040\000m\000o\000d\000e\000l\000o}{section.12}% 8
\BOOKMARK [1][-]{section.15}{\376\377\000L\000a\000\040\000T\000e\000o\000r\000\355\000a\000\040\000d\000e\000\040\000D\000e\000t\000e\000c\000c\000i\000\363\000n\000\040\000d\000e\000\040\000S\000e\000\361\000a\000l\000e\000s\000\040\000e\000n\000\040\000e\000l\000\040\000d\000e\000s\000a\000r\000r\000o\000l\000l\000o\000\040\000d\000e\000\040\000l\000a\000\040\000P\000s\000i\000c\000o\000l\000o\000g\000\355\000a}{chapter.10}% 9
\BOOKMARK [2][-]{subsection.16}{\376\377\000P\000s\000i\000c\000o\000f\000\355\000s\000i\000c\000a}{section.15}% 10
\BOOKMARK [2][-]{subsection.17}{\376\377\000T\000e\000o\000r\000\355\000a\000\040\000d\000e\000\040\000l\000a\000\040\000D\000e\000c\000i\000s\000i\000\363\000n}{section.15}% 11
\BOOKMARK [2][-]{subsection.18}{\376\377\000M\000o\000d\000e\000l\000o\000s\000\040\000d\000e\000\040\000d\000e\000c\000i\000s\000i\000\363\000n\000\040\000p\000e\000r\000c\000e\000p\000t\000u\000a\000l}{section.15}% 12
\BOOKMARK [0][-]{chapter.19}{\376\377\000M\000e\000m\000o\000r\000i\000a\000\040\000d\000e\000\040\000R\000e\000c\000o\000n\000o\000c\000i\000m\000i\000e\000n\000t\000o}{}% 13
\BOOKMARK [1][-]{section.20}{\376\377\000M\000o\000d\000e\000l\000o\000s\000\040\000u\000t\000i\000l\000i\000z\000a\000d\000o\000s\000\040\000e\000n\000\040\000e\000l\000\040\000e\000s\000t\000u\000d\000i\000o\000\040\000d\000e\000\040\000l\000a\000\040\000M\000e\000m\000o\000r\000i\000a\000\040\000d\000e\000\040\000R\000e\000c\000o\000n\000o\000c\000i\000m\000i\000e\000n\000t\000o}{chapter.19}% 14
\BOOKMARK [2][-]{subsection.21}{\376\377\000T\000e\000o\000r\000\355\000a\000\040\000d\000e\000l\000\040\000U\000m\000b\000r\000a\000l}{section.20}% 15
\BOOKMARK [2][-]{subsection.22}{\376\377\000T\000e\000o\000r\000\355\000a\000\040\000d\000e\000l\000\040\000P\000r\000o\000c\000e\000s\000a\000m\000i\000e\000n\000t\000o\000\040\000D\000u\000a\000l}{section.20}% 16
\BOOKMARK [2][-]{subsection.23}{\376\377\000T\000e\000o\000r\000\355\000a\000\040\000d\000e\000\040\000D\000e\000t\000e\000c\000c\000i\000\363\000n\000\040\000d\000e\000\040\000S\000e\000\361\000a\000l\000e\000s}{section.20}% 17
\BOOKMARK [1][-]{section.26}{\376\377\000C\000o\000n\000f\000l\000i\000c\000t\000o\000\040\000e\000n\000t\000r\000e\000\040\000m\000o\000d\000e\000l\000o\000s}{chapter.19}% 18
\BOOKMARK [2][-]{subsection.27}{\376\377\000P\000r\000o\000c\000e\000s\000o\000\040\000D\000u\000a\000l\000\040\000D\000e\000t\000e\000c\000c\000i\000\363\000n\000\040\000d\000e\000\040\000S\000e\000\361\000a\000l\000e\000s\000\040\000-\000\040\000U\000m\000b\000r\000a\000l\000\040\000a\000l\000t\000o}{section.26}% 19
\BOOKMARK [2][-]{subsection.28}{}{section.26}% 20
\BOOKMARK [1][-]{section.29}{\376\377\000E\000l\000\040\000E\000f\000e\000c\000t\000o\000\040\000E\000s\000p\000e\000j\000o}{chapter.19}% 21
\BOOKMARK [0][-]{chapter.30}{\376\377\000E\000l\000\040\000E\000f\000e\000c\000t\000o\000\040\000E\000s\000p\000e\000j\000o\000:\000\040\000I\000m\000p\000l\000i\000c\000a\000c\000i\000o\000n\000e\000s\000\040\000y\000\040\000A\000p\000r\000o\000x\000i\000m\000a\000c\000i\000o\000n\000e\000s}{}% 22
\BOOKMARK [1][-]{section.31}{\376\377\000E\000v\000i\000d\000e\000n\000c\000i\000a\000\040\000r\000e\000c\000o\000l\000e\000c\000t\000a\000d\000a}{chapter.30}% 23
\BOOKMARK [1][-]{section.32}{\376\377\000R\000e\000l\000e\000v\000a\000n\000c\000i\000a}{chapter.30}% 24
\BOOKMARK [1][-]{section.33}{\376\377\000A\000l\000g\000u\000n\000o\000s\000\040\000m\000o\000d\000e\000l\000o\000s\000\040\000d\000e\000s\000a\000r\000r\000o\000l\000l\000a\000d\000o\000s\000\040\000p\000a\000r\000a\000\040\000d\000a\000r\000\040\000c\000u\000e\000n\000t\000a\000\040\000d\000e\000l\000\040\000E\000f\000e\000c\000t\000o\000\040\000E\000s\000p\000e\000j\000o}{chapter.30}% 25
\BOOKMARK [1][-]{section.34}{\376\377\000M\000a\000i\000n\000\040\000S\000e\000c\000t\000i\000o\000n\000\040\0002}{chapter.30}% 26
\BOOKMARK [0][-]{chapter.35}{\376\377\000E\000x\000p\000e\000r\000i\000m\000e\000n\000t\000o\000:\000\040\000B\000u\000s\000c\000a\000n\000d\000o\000\040\000e\000l\000\040\000E\000f\000e\000c\000t\000o\000\040\000E\000s\000p\000e\000j\000o\000\040\000e\000n\000\040\000u\000n\000a\000\040\000t\000a\000r\000e\000a\000\040\000P\000e\000r\000c\000e\000p\000t\000u\000a\000l}{}% 27
\BOOKMARK [1][-]{section.36}{\376\377\000P\000l\000a\000n\000t\000e\000a\000m\000i\000e\000n\000t\000o\000\040\000g\000e\000n\000e\000r\000a\000l}{chapter.35}% 28
\BOOKMARK [2][-]{subsection.37}{\376\377\000O\000b\000j\000e\000t\000i\000v\000o}{section.36}% 29
\BOOKMARK [1][-]{section.38}{\376\377\000C\000o\000n\000s\000t\000r\000u\000c\000c\000i\000\363\000n\000\040\000d\000e\000\040\000l\000a\000\040\000T\000a\000r\000e\000a}{chapter.35}% 30
\BOOKMARK [2][-]{subsection.39}{\376\377\000M\000a\000t\000e\000r\000i\000a\000l\000e\000s}{section.38}% 31
\BOOKMARK [2][-]{subsection.40}{\376\377\000P\000a\000r\000t\000i\000c\000i\000p\000a\000n\000t\000e\000s}{section.38}% 32
\BOOKMARK [1][-]{section.41}{\376\377\000P\000r\000o\000c\000e\000d\000i\000m\000i\000e\000n\000t\000o}{chapter.35}% 33
\BOOKMARK [2][-]{subsection.42}{\376\377\000R\000e\000g\000i\000s\000t\000r\000o\000\040\000d\000e\000\040\000r\000e\000s\000p\000u\000e\000s\000t\000a\000s}{section.41}% 34
\BOOKMARK [0][-]{chapter.43}{\376\377\000D\000a\000t\000o\000s\000:\000\040\000S\000\363\000l\000o\000\040\000d\000a\000t\000o\000s\000.}{}% 35
\BOOKMARK [1][-]{section.44}{\376\377\000E\000x\000p\000l\000o\000r\000a\000n\000d\000o\000\040\000l\000a\000\040\000e\000j\000e\000c\000u\000c\000i\000\363\000n\000\040\000d\000e\000\040\000l\000o\000s\000\040\000p\000a\000r\000t\000i\000c\000i\000p\000a\000n\000t\000e\000s}{chapter.43}% 36
\BOOKMARK [2][-]{subsection.45}{\376\377\000C\000o\000n\000t\000r\000o\000l\000\040\0001\000:\000\040\000\277\000L\000o\000s\000\040\000p\000a\000r\000t\000i\000c\000i\000p\000a\000n\000t\000e\000s\000\040\000e\000s\000t\000a\000b\000a\000n\000\040\000p\000o\000n\000i\000e\000n\000d\000o\000\040\000a\000t\000e\000n\000c\000i\000\363\000n\000\040\000a\000\040\000l\000a\000\040\000t\000a\000r\000e\000a\000?}{section.44}% 37
\BOOKMARK [2][-]{subsection.50}{\376\377\000C\000o\000n\000t\000r\000o\000l\000\040\0002\000:\000\040\000E\000v\000a\000l\000u\000a\000n\000d\000o\000\040\000t\000i\000e\000m\000p\000o\000s\000\040\000d\000e\000\040\000r\000e\000s\000p\000u\000e\000s\000t\000a\000\040\000a\000\040\000l\000o\000\040\000l\000a\000r\000g\000o\000\040\000d\000e\000l\000\040\000e\000x\000p\000e\000r\000i\000m\000e\000n\000t\000o}{section.44}% 38
\BOOKMARK [2][-]{subsection.54}{\376\377\000C\000o\000n\000t\000r\000o\000l\000\040\0003\000:\000\040\000\277\000L\000a\000\040\000d\000u\000r\000a\000c\000i\000\363\000n\000\040\000d\000e\000l\000\040\000e\000x\000p\000e\000r\000i\000m\000e\000n\000t\000o\000\040\000t\000u\000v\000o\000\040\000u\000n\000\040\000i\000m\000p\000a\000c\000t\000o\000\040\000e\000n\000\040\000l\000a\000\040\000e\000j\000e\000c\000u\000c\000i\000\363\000n\000\040\000d\000e\000\040\000l\000o\000s\000\040\000p\000a\000r\000t\000i\000c\000i\000p\000a\000n\000t\000e\000s\000?}{section.44}% 39
\BOOKMARK [2][-]{subsection.59}{\376\377\000C\000o\000n\000t\000r\000o\000l\000\040\0004\000:\000\040\000\277\000L\000a\000s\000\040\000v\000a\000r\000i\000a\000b\000l\000e\000s\000\040\000m\000e\000z\000c\000l\000a\000d\000a\000s\000\040\000p\000a\000r\000a\000\040\000c\000o\000n\000s\000t\000r\000u\000i\000r\000\040\000l\000o\000s\000\040\000e\000s\000t\000\355\000m\000u\000l\000o\000s\000\040\000e\000s\000t\000\341\000n\000\040\000a\000f\000e\000c\000t\000a\000n\000d\000o\000\040\000e\000l\000\040\000d\000e\000s\000e\000m\000p\000e\000\361\000o\000\040\000d\000e\000\040\000l\000o\000s\000\040\000p\000a\000r\000t\000i\000c\000i\000p\000a\000n\000t\000e\000s\000?}{section.44}% 40
\BOOKMARK [1][-]{section.62}{\376\377\000E\000v\000i\000d\000e\000n\000c\000i\000a\000\040\000d\000e\000l\000\040\000E\000f\000e\000c\000t\000o\000\040\000E\000s\000p\000e\000j\000o}{chapter.43}% 41
\BOOKMARK [0][-]{chapter.67}{\376\377\000R\000e\000s\000u\000l\000t\000a\000d\000o\000s}{}% 42
\BOOKMARK [1][-]{section.68}{\376\377\000D\000i\000f\000e\000r\000e\000n\000c\000i\000a\000\040\000e\000n\000t\000r\000e\000\040\000l\000a\000s\000\040\000c\000o\000n\000d\000i\000c\000i\000o\000n\000e\000s}{chapter.67}% 43
\BOOKMARK [1][-]{section.70}{\376\377\000L\000e\000a\000r\000n\000i\000n\000g\000\040\000L\000a\000T\000e\000X}{chapter.67}% 44
\BOOKMARK [2][-]{subsection.72}{\376\377\000A\000\040\000\050\000n\000o\000t\000\040\000s\000o\000\040\000s\000h\000o\000r\000t\000\051\000\040\000I\000n\000t\000r\000o\000d\000u\000c\000t\000i\000o\000n\000\040\000t\000o\000\040\000L\000a\000T\000e\000X}{section.70}% 45
\BOOKMARK [2][-]{subsection.73}{\376\377\000A\000\040\000S\000h\000o\000r\000t\000\040\000M\000a\000t\000h\000\040\000G\000u\000i\000d\000e\000\040\000f\000o\000r\000\040\000L\000a\000T\000e\000X}{section.70}% 46
\BOOKMARK [2][-]{subsection.74}{\376\377\000C\000o\000m\000m\000o\000n\000\040\000L\000a\000T\000e\000X\000\040\000M\000a\000t\000h\000\040\000S\000y\000m\000b\000o\000l\000s}{section.70}% 47
\BOOKMARK [2][-]{subsection.75}{\376\377\000L\000a\000T\000e\000X\000\040\000o\000n\000\040\000a\000\040\000M\000a\000c}{section.70}% 48
\BOOKMARK [1][-]{section.76}{\376\377\000G\000e\000t\000t\000i\000n\000g\000\040\000S\000t\000a\000r\000t\000e\000d\000\040\000w\000i\000t\000h\000\040\000t\000h\000i\000s\000\040\000T\000e\000m\000p\000l\000a\000t\000e}{chapter.67}% 49
\BOOKMARK [2][-]{subsection.77}{\376\377\000A\000b\000o\000u\000t\000\040\000t\000h\000i\000s\000\040\000T\000e\000m\000p\000l\000a\000t\000e}{section.76}% 50
\BOOKMARK [1][-]{section.78}{\376\377\000W\000h\000a\000t\000\040\000t\000h\000i\000s\000\040\000T\000e\000m\000p\000l\000a\000t\000e\000\040\000I\000n\000c\000l\000u\000d\000e\000s}{chapter.67}% 51
\BOOKMARK [2][-]{subsection.79}{\376\377\000F\000o\000l\000d\000e\000r\000s}{section.78}% 52
\BOOKMARK [2][-]{subsection.80}{\376\377\000F\000i\000l\000e\000s}{section.78}% 53
\BOOKMARK [1][-]{section.81}{\376\377\000F\000i\000l\000l\000i\000n\000g\000\040\000i\000n\000\040\000Y\000o\000u\000r\000\040\000I\000n\000f\000o\000r\000m\000a\000t\000i\000o\000n\000\040\000i\000n\000\040\000t\000h\000e\000\040\000m\000a\000i\000n\000.\000t\000e\000x\000\040\000F\000i\000l\000e}{chapter.67}% 54
\BOOKMARK [1][-]{section.82}{\376\377\000T\000h\000e\000\040\000m\000a\000i\000n\000.\000t\000e\000x\000\040\000F\000i\000l\000e\000\040\000E\000x\000p\000l\000a\000i\000n\000e\000d}{chapter.67}% 55
\BOOKMARK [1][-]{section.83}{\376\377\000T\000h\000e\000s\000i\000s\000\040\000F\000e\000a\000t\000u\000r\000e\000s\000\040\000a\000n\000d\000\040\000C\000o\000n\000v\000e\000n\000t\000i\000o\000n\000s}{chapter.67}% 56
\BOOKMARK [2][-]{subsection.84}{\376\377\000P\000r\000i\000n\000t\000i\000n\000g\000\040\000F\000o\000r\000m\000a\000t}{section.83}% 57
\BOOKMARK [2][-]{subsection.85}{\376\377\000U\000s\000i\000n\000g\000\040\000U\000S\000\040\000L\000e\000t\000t\000e\000r\000\040\000P\000a\000p\000e\000r}{section.83}% 58
\BOOKMARK [2][-]{subsection.86}{\376\377\000R\000e\000f\000e\000r\000e\000n\000c\000e\000s}{section.83}% 59
\BOOKMARK [3][-]{section*.88}{\376\377\000A\000\040\000N\000o\000t\000e\000\040\000o\000n\000\040\000b\000i\000b\000t\000e\000x}{subsection.86}% 60
\BOOKMARK [2][-]{subsection.89}{\376\377\000T\000a\000b\000l\000e\000s}{section.83}% 61
\BOOKMARK [2][-]{subsection.91}{\376\377\000F\000i\000g\000u\000r\000e\000s}{section.83}% 62
\BOOKMARK [2][-]{subsection.93}{\376\377\000T\000y\000p\000e\000s\000e\000t\000t\000i\000n\000g\000\040\000m\000a\000t\000h\000e\000m\000a\000t\000i\000c\000s}{section.83}% 63
\BOOKMARK [1][-]{section.95}{\376\377\000S\000e\000c\000t\000i\000o\000n\000i\000n\000g\000\040\000a\000n\000d\000\040\000S\000u\000b\000s\000e\000c\000t\000i\000o\000n\000i\000n\000g}{chapter.67}% 64
\BOOKMARK [1][-]{section.96}{\376\377\000I\000n\000\040\000C\000l\000o\000s\000i\000n\000g}{chapter.67}% 65
\BOOKMARK [0][-]{appendix.97}{\376\377\000F\000r\000e\000q\000u\000e\000n\000t\000l\000y\000\040\000A\000s\000k\000e\000d\000\040\000Q\000u\000e\000s\000t\000i\000o\000n\000s}{}% 66
\BOOKMARK [1][-]{section.98}{\376\377\000H\000o\000w\000\040\000d\000o\000\040\000I\000\040\000c\000h\000a\000n\000g\000e\000\040\000t\000h\000e\000\040\000c\000o\000l\000o\000r\000s\000\040\000o\000f\000\040\000l\000i\000n\000k\000s\000?}{appendix.97}% 67
