\BOOKMARK [0][-]{section*.1}{\376\377\000N\000o\000t\000a\000s\000\040\000d\000e\000l\000\040\000a\000u\000t\000o\000r}{}% 1
\BOOKMARK [0][-]{section*.2}{\376\377\000R\000e\000s\000u\000m\000e\000n}{}% 2
\BOOKMARK [0][-]{section*.3}{\376\377\000A\000g\000r\000a\000d\000e\000c\000i\000m\000i\000e\000n\000t\000o\000s}{}% 3
\BOOKMARK [0][-]{chapter.10}{\376\377\000T\000e\000o\000r\000\355\000a\000\040\000d\000e\000\040\000D\000e\000t\000e\000c\000c\000i\000\363\000n\000\040\000d\000e\000\040\000S\000e\000\361\000a\000l\000e\000s}{}% 4
\BOOKMARK [1][-]{section.11}{\376\377\000E\000l\000\040\000p\000r\000o\000b\000l\000e\000m\000a\000\040\000d\000e\000\040\000l\000a\000\040\000D\000e\000t\000e\000c\000c\000i\000\363\000n\000\040\000y\000\040\000l\000a\000\040\000I\000n\000c\000e\000r\000t\000i\000d\000u\000m\000b\000r\000e}{chapter.10}% 5
\BOOKMARK [1][-]{section.12}{\376\377\000T\000e\000o\000r\000\355\000a\000\040\000d\000e\000\040\000D\000e\000t\000e\000c\000c\000i\000\363\000n\000\040\000d\000e\000\040\000S\000e\000\361\000a\000l\000e\000s}{chapter.10}% 6
\BOOKMARK [2][-]{subsection.13}{\376\377\000S\000u\000p\000u\000e\000s\000t\000o\000s\000\040\000g\000e\000n\000e\000r\000a\000l\000e\000s\000\040\000d\000e\000l\000\040\000m\000o\000d\000e\000l\000o}{section.12}% 7
\BOOKMARK [2][-]{subsection.17}{\376\377\000P\000a\000r\000\341\000m\000e\000t\000r\000o\000s\000\040\000d\000e\000l\000\040\000m\000o\000d\000e\000l\000o}{section.12}% 8
\BOOKMARK [2][-]{subsection.21}{\376\377\000T\000a\000r\000e\000a\000s\000\040\000d\000e\000\040\000d\000e\000t\000e\000c\000c\000i\000\363\000n}{section.12}% 9
\BOOKMARK [0][-]{chapter.22}{\376\377\000E\000l\000\040\000E\000f\000e\000c\000t\000o\000\040\000E\000s\000p\000e\000j\000o\000\040\000e\000n\000\040\000M\000e\000m\000o\000r\000i\000a\000\040\000d\000e\000\040\000R\000e\000c\000o\000n\000o\000c\000i\000m\000i\000e\000n\000t\000o}{}% 10
\BOOKMARK [1][-]{section.23}{\376\377\000P\000a\000n\000o\000r\000a\000m\000a\000\040\000g\000e\000n\000e\000r\000a\000l\000\040\000d\000e\000l\000\040\000e\000s\000t\000u\000d\000i\000o\000\040\000d\000e\000\040\000M\000e\000m\000o\000r\000i\000a\000\040\000d\000e\000\040\000R\000e\000c\000o\000n\000o\000c\000i\000m\000i\000e\000n\000t\000o}{chapter.22}% 11
\BOOKMARK [2][-]{subsection.24}{\376\377\000T\000e\000o\000r\000\355\000a\000\040\000d\000e\000l\000\040\000U\000m\000b\000r\000a\000l}{section.23}% 12
\BOOKMARK [2][-]{subsection.25}{\376\377\000T\000e\000o\000r\000\355\000a\000\040\000d\000e\000l\000\040\000P\000r\000o\000c\000e\000s\000a\000m\000i\000e\000n\000t\000o\000\040\000D\000u\000a\000l}{section.23}% 13
\BOOKMARK [1][-]{section.26}{\376\377\000T\000e\000o\000r\000\355\000a\000\040\000d\000e\000\040\000D\000e\000t\000e\000c\000c\000i\000\363\000n\000\040\000d\000e\000\040\000S\000e\000\361\000a\000l\000e\000s\000\040\000e\000n\000\040\000M\000e\000m\000o\000r\000i\000a\000\040\000d\000e\000\040\000R\000e\000c\000o\000n\000o\000c\000i\000m\000i\000e\000n\000t\000o}{chapter.22}% 14
\BOOKMARK [2][-]{subsection.29}{\376\377\000I\000m\000p\000l\000i\000c\000a\000c\000i\000o\000n\000e\000s\000\040\000y\000\040\000c\000o\000n\000f\000l\000i\000c\000t\000o\000s}{section.26}% 15
\BOOKMARK [2][-]{subsection.30}{\376\377\000P\000r\000o\000c\000e\000s\000o\000\040\000D\000u\000a\000l\000\040\000D\000e\000t\000e\000c\000c\000i\000\363\000n\000\040\000d\000e\000\040\000S\000e\000\361\000a\000l\000e\000s\000\040\000-\000\040\000U\000m\000b\000r\000a\000l\000\040\000a\000l\000t\000o}{section.26}% 16
\BOOKMARK [1][-]{section.31}{\376\377\000E\000l\000\040\000E\000f\000e\000c\000t\000o\000\040\000E\000s\000p\000e\000j\000o}{chapter.22}% 17
\BOOKMARK [2][-]{subsection.32}{\376\377\000E\000v\000i\000d\000e\000n\000c\000i\000a\000\040\000r\000e\000c\000o\000l\000e\000c\000t\000a\000d\000a}{section.31}% 18
\BOOKMARK [2][-]{subsection.33}{\376\377\000R\000e\000l\000e\000v\000a\000n\000c\000i\000a}{section.31}% 19
\BOOKMARK [2][-]{subsection.34}{\376\377\000A\000l\000g\000u\000n\000o\000s\000\040\000m\000o\000d\000e\000l\000o\000s\000\040\000d\000e\000s\000a\000r\000r\000o\000l\000l\000a\000d\000o\000s\000\040\000p\000a\000r\000a\000\040\000d\000a\000r\000\040\000c\000u\000e\000n\000t\000a\000\040\000d\000e\000l\000\040\000E\000f\000e\000c\000t\000o\000\040\000E\000s\000p\000e\000j\000o}{section.31}% 20
\BOOKMARK [0][-]{chapter.35}{\376\377\000M\000\351\000t\000o\000d\000o}{}% 21
\BOOKMARK [1][-]{section.36}{\376\377\000P\000l\000a\000n\000t\000e\000a\000m\000i\000e\000n\000t\000o\000\040\000g\000e\000n\000e\000r\000a\000l\000:\000\040\000P\000o\000n\000i\000e\000n\000d\000o\000\040\000a\000\040\000p\000r\000u\000e\000b\000a\000\040\000l\000a\000\040\000e\000x\000i\000s\000t\000e\000n\000c\000i\000a\000\040\000d\000e\000l\000\040\000E\000f\000e\000c\000t\000o\000\040\000E\000s\000p\000e\000j\000o\000\040\000e\000n\000\040\000u\000n\000a\000\040\000t\000a\000r\000e\000a\000\040\000P\000e\000r\000c\000e\000p\000t\000u\000a\000l}{chapter.35}% 22
\BOOKMARK [2][-]{subsection.37}{\376\377\000O\000b\000j\000e\000t\000i\000v\000o}{section.36}% 23
\BOOKMARK [1][-]{section.38}{\376\377\000C\000o\000n\000s\000t\000r\000u\000c\000c\000i\000\363\000n\000\040\000d\000e\000\040\000l\000o\000s\000\040\000E\000x\000p\000e\000r\000i\000m\000e\000n\000t\000o\000s}{chapter.35}% 24
\BOOKMARK [2][-]{subsection.41}{\376\377\000D\000i\000s\000e\000\361\000o\000\040\000d\000e\000\040\000l\000o\000s\000\040\000E\000s\000t\000\355\000m\000u\000l\000o\000s}{section.38}% 25
\BOOKMARK [2][-]{subsection.44}{\376\377\000M\000a\000t\000e\000r\000i\000a\000l\000e\000s}{section.38}% 26
\BOOKMARK [2][-]{subsection.45}{\376\377\000P\000a\000r\000t\000i\000c\000i\000p\000a\000n\000t\000e\000s}{section.38}% 27
\BOOKMARK [1][-]{section.46}{\376\377\000P\000r\000o\000c\000e\000d\000i\000m\000i\000e\000n\000t\000o}{chapter.35}% 28
\BOOKMARK [2][-]{subsection.47}{\376\377\000R\000e\000g\000i\000s\000t\000r\000o\000\040\000d\000e\000\040\000r\000e\000s\000p\000u\000e\000s\000t\000a\000s}{section.46}% 29
\BOOKMARK [0][-]{chapter.49}{\376\377\000D\000a\000t\000o\000s}{}% 30
\BOOKMARK [1][-]{section.50}{\376\377\000C\000o\000n\000t\000r\000o\000l\000\040\0001\000:\000\040\000\277\000L\000o\000s\000\040\000p\000a\000r\000t\000i\000c\000i\000p\000a\000n\000t\000e\000s\000\040\000e\000s\000t\000a\000b\000a\000n\000\040\000p\000o\000n\000i\000e\000n\000d\000o\000\040\000a\000t\000e\000n\000c\000i\000\363\000n\000\040\000a\000\040\000l\000a\000\040\000t\000a\000r\000e\000a\000\040\000p\000a\000r\000a\000\040\000e\000m\000i\000t\000i\000r\000\040\000u\000n\000a\000\040\000r\000e\000s\000p\000u\000e\000s\000t\000a\000?}{chapter.49}% 31
\BOOKMARK [1][-]{section.54}{\376\377\000C\000o\000n\000t\000r\000o\000l\000\040\0002\000:\000\040\000\277\000L\000a\000\040\000d\000u\000r\000a\000c\000i\000\363\000n\000\040\000d\000e\000l\000\040\000e\000x\000p\000e\000r\000i\000m\000e\000n\000t\000o\000\040\000t\000u\000v\000o\000\040\000u\000n\000\040\000i\000m\000p\000a\000c\000t\000o\000\040\000e\000n\000\040\000l\000a\000\040\000e\000j\000e\000c\000u\000c\000i\000\363\000n\000\040\000d\000e\000\040\000l\000o\000s\000\040\000p\000a\000r\000t\000i\000c\000i\000p\000a\000n\000t\000e\000s\000?}{chapter.49}% 32
\BOOKMARK [1][-]{section.57}{\376\377\000C\000o\000n\000t\000r\000o\000l\000\040\0003\000:\000\040\000\277\000L\000a\000s\000\040\000v\000a\000r\000i\000a\000b\000l\000e\000s\000\040\000m\000e\000z\000c\000l\000a\000d\000a\000s\000\040\000p\000a\000r\000a\000\040\000c\000o\000n\000s\000t\000r\000u\000i\000r\000\040\000l\000o\000s\000\040\000e\000s\000t\000\355\000m\000u\000l\000o\000s\000\040\000e\000s\000t\000\341\000n\000\040\000a\000f\000e\000c\000t\000a\000n\000d\000o\000\040\000e\000l\000\040\000d\000e\000s\000e\000m\000p\000e\000\361\000o\000\040\000d\000e\000\040\000l\000o\000s\000\040\000p\000a\000r\000t\000i\000c\000i\000p\000a\000n\000t\000e\000s\000?}{chapter.49}% 33
\BOOKMARK [1][-]{section.59}{\376\377\000C\000o\000n\000t\000r\000o\000l\000\040\0004\000:\000\040\000E\000v\000i\000d\000e\000n\000c\000i\000a\000\040\000d\000e\000l\000\040\000E\000f\000e\000c\000t\000o\000\040\000E\000s\000p\000e\000j\000o}{chapter.49}% 34
\BOOKMARK [0][-]{chapter.80}{\376\377\000R\000e\000s\000u\000l\000t\000a\000d\000o\000s}{}% 35
\BOOKMARK [1][-]{section.81}{\376\377\000L\000a\000s\000\040\000c\000o\000n\000d\000i\000c\000i\000o\000n\000e\000s\000\040\000d\000e\000\040\000d\000i\000f\000i\000c\000u\000l\000t\000a\000d\000\040\000s\000o\000n\000\040\000d\000i\000f\000e\000r\000e\000n\000t\000e\000s}{chapter.80}% 36
\BOOKMARK [2][-]{subsection.83}{\376\377\000A\000n\000\341\000l\000i\000s\000i\000s\000\040\0001\000:\000\040\000P\000r\000u\000e\000b\000a\000\040\000T\000\040\000p\000a\000r\000a\000\040\000c\000o\000m\000p\000a\000r\000a\000r\000\040\000l\000a\000s\000\040\000m\000e\000d\000i\000a\000s\000\040\000d\000e\000\040\000d\000'\000\040\000p\000o\000r\000\040\000c\000a\000d\000a\000\040\000c\000o\000n\000d\000i\000c\000i\000\363\000n}{section.81}% 37
\BOOKMARK [2][-]{subsection.85}{\376\377\000A\000n\000\341\000l\000i\000s\000i\000s\000\040\0002\000:\000\040\000M\000o\000d\000e\000l\000o\000\040\000j\000e\000r\000\341\000r\000q\000u\000i\000c\000o\000\040\000b\000a\000y\000e\000s\000i\000a\000n\000o\000:\000\040\000M\000o\000d\000e\000l\000o\000\040\000D\000e\000l\000t\000a\000\040\000p\000a\000r\000a\000\040\000d\000i\000f\000e\000r\000e\000n\000c\000i\000a\000s\000\040\000e\000n\000\040\000d\000'}{section.81}% 38
\BOOKMARK [1][-]{section.87}{\376\377\000D\000i\000f\000e\000r\000e\000n\000c\000i\000a\000s\000\040\000e\000n\000\040\000l\000a\000s\000\040\000T\000a\000s\000a\000s\000\040\000d\000e\000\040\000H\000i\000t\000s\000\040\000y\000\040\000F\000a\000l\000s\000a\000s\000\040\000A\000l\000a\000r\000m\000a\000s}{chapter.80}% 39
\BOOKMARK [2][-]{subsection.89}{\376\377\000A\000n\000\341\000l\000i\000s\000i\000s\000\040\0001\000:\000\040\000P\000r\000u\000e\000b\000a\000\040\000T}{section.87}% 40
\BOOKMARK [2][-]{subsection.91}{\376\377\000M\000o\000d\000e\000l\000o\000\040\000b\000a\000y\000e\000s\000i\000a\000n\000o}{section.87}% 41
\BOOKMARK [1][-]{section.93}{\376\377\000D\000i\000f\000e\000r\000e\000n\000c\000i\000a\000s\000\040\000e\000n\000\040\000l\000a\000\040\000a\000s\000i\000g\000n\000a\000c\000i\000\363\000n\000\040\000d\000e\000\040\000P\000u\000n\000t\000a\000j\000e\000s\000\040\000d\000e\000\040\000C\000o\000n\000f\000i\000a\000n\000z\000a}{chapter.80}% 42
\BOOKMARK [2][-]{subsection.94}{\376\377\000A\000n\000\341\000l\000i\000s\000i\000s\000\040\0001\000:\000\040}{section.93}% 43
\BOOKMARK [1][-]{section.96}{\376\377\000R\000\351\000p\000l\000i\000c\000a\000\040\000d\000e\000\040\000c\000o\000n\000t\000r\000o\000l\000e\000s\000\040\000r\000e\000p\000o\000r\000t\000a\000d\000o\000s\000\040\000e\000n\000\040\000l\000a\000\040\000l\000i\000t\000e\000r\000a\000t\000u\000r\000a}{chapter.80}% 44
\BOOKMARK [0][-]{chapter.97}{\376\377\000D\000i\000s\000c\000u\000s\000i\000\363\000n\000\040\000y\000\040\000C\000o\000n\000c\000l\000u\000s\000i\000o\000n\000e\000s}{}% 45
\BOOKMARK [1][-]{section.98}{\376\377\000O\000b\000j\000e\000t\000i\000v\000o}{chapter.97}% 46
\BOOKMARK [2][-]{subsection.99}{\376\377\000C\000o\000n\000s\000t\000r\000u\000c\000c\000i\000\363\000n\000\040\000d\000e\000\040\000l\000a\000\040\000T\000a\000r\000e\000a}{section.98}% 47
\BOOKMARK [2][-]{subsection.100}{\376\377\000D\000e\000t\000a\000l\000l\000e\000s\000\040\000t\000\351\000c\000n\000i\000c\000o\000s}{section.98}% 48
\BOOKMARK [1][-]{section.101}{\376\377\000P\000r\000o\000c\000e\000d\000i\000m\000i\000e\000n\000t\000o}{chapter.97}% 49
\BOOKMARK [0][-]{appendix.102}{\376\377\000F\000r\000e\000q\000u\000e\000n\000t\000l\000y\000\040\000A\000s\000k\000e\000d\000\040\000Q\000u\000e\000s\000t\000i\000o\000n\000s}{}% 50
\BOOKMARK [1][-]{section.103}{\376\377\000H\000o\000w\000\040\000d\000o\000\040\000I\000\040\000c\000h\000a\000n\000g\000e\000\040\000t\000h\000e\000\040\000c\000o\000l\000o\000r\000s\000\040\000o\000f\000\040\000l\000i\000n\000k\000s\000?}{appendix.102}% 51
\BOOKMARK [0][-]{appendix*.104}{\376\377\000B\000i\000b\000l\000i\000o\000g\000r\000a\000f\000\355\000a}{}% 52
