\BOOKMARK [0][-]{section*.1}{\376\377\000N\000o\000t\000a\000s\000\040\000d\000e\000l\000\040\000a\000u\000t\000o\000r}{}% 1
\BOOKMARK [0][-]{section*.2}{\376\377\000R\000e\000s\000u\000m\000e\000n}{}% 2
\BOOKMARK [0][-]{section*.3}{\376\377\000A\000g\000r\000a\000d\000e\000c\000i\000m\000i\000e\000n\000t\000o\000s}{}% 3
\BOOKMARK [0][-]{chapter.10}{\376\377\000I\000n\000t\000r\000o\000d\000u\000c\000c\000i\000\363\000n}{}% 4
\BOOKMARK [0][-]{chapter.11}{\376\377\000M\000a\000r\000c\000o\000\040\000T\000e\000\363\000r\000i\000c\000o}{}% 5
\BOOKMARK [1][-]{section.12}{\376\377\000T\000e\000o\000r\000\355\000a\000\040\000d\000e\000\040\000D\000e\000t\000e\000c\000c\000i\000\363\000n\000\040\000d\000e\000\040\000S\000e\000\361\000a\000l\000e\000s}{chapter.11}% 6
\BOOKMARK [2][-]{subsection.13}{\376\377\000S\000u\000p\000u\000e\000s\000t\000o\000s\000\040\000g\000e\000n\000e\000r\000a\000l\000e\000s\000\040\000d\000e\000l\000\040\000m\000o\000d\000e\000l\000o}{section.12}% 7
\BOOKMARK [2][-]{subsection.21}{\376\377\000P\000a\000r\000\341\000m\000e\000t\000r\000o\000s\000\040\000d\000e\000l\000\040\000m\000o\000d\000e\000l\000o}{section.12}% 8
\BOOKMARK [2][-]{subsection.25}{\376\377\000T\000a\000r\000e\000a\000s\000\040\000d\000e\000\040\000d\000e\000t\000e\000c\000c\000i\000\363\000n}{section.12}% 9
\BOOKMARK [1][-]{section.26}{\376\377\000P\000a\000n\000o\000r\000a\000m\000a\000\040\000g\000e\000n\000e\000r\000a\000l\000\040\000d\000e\000l\000\040\000e\000s\000t\000u\000d\000i\000o\000\040\000d\000e\000\040\000M\000e\000m\000o\000r\000i\000a\000\040\000d\000e\000\040\000R\000e\000c\000o\000n\000o\000c\000i\000m\000i\000e\000n\000t\000o}{chapter.11}% 10
\BOOKMARK [2][-]{subsection.27}{\376\377\000T\000e\000o\000r\000\355\000a\000\040\000d\000e\000l\000\040\000U\000m\000b\000r\000a\000l}{section.26}% 11
\BOOKMARK [2][-]{subsection.28}{\376\377\000T\000e\000o\000r\000\355\000a\000\040\000d\000e\000l\000\040\000P\000r\000o\000c\000e\000s\000a\000m\000i\000e\000n\000t\000o\000\040\000D\000u\000a\000l}{section.26}% 12
\BOOKMARK [1][-]{section.29}{\376\377\000T\000e\000o\000r\000\355\000a\000\040\000d\000e\000\040\000D\000e\000t\000e\000c\000c\000i\000\363\000n\000\040\000d\000e\000\040\000S\000e\000\361\000a\000l\000e\000s\000\040\000e\000n\000\040\000M\000e\000m\000o\000r\000i\000a\000\040\000d\000e\000\040\000R\000e\000c\000o\000n\000o\000c\000i\000m\000i\000e\000n\000t\000o}{chapter.11}% 13
\BOOKMARK [2][-]{subsection.32}{\376\377\000I\000m\000p\000l\000i\000c\000a\000c\000i\000o\000n\000e\000s\000\040\000y\000\040\000c\000o\000n\000f\000l\000i\000c\000t\000o\000s}{section.29}% 14
\BOOKMARK [1][-]{section.33}{\376\377\000E\000l\000\040\000E\000f\000e\000c\000t\000o\000\040\000E\000s\000p\000e\000j\000o}{chapter.11}% 15
\BOOKMARK [2][-]{subsection.34}{\376\377\000E\000v\000i\000d\000e\000n\000c\000i\000a\000\040\000r\000e\000c\000o\000l\000e\000c\000t\000a\000d\000a}{section.33}% 16
\BOOKMARK [2][-]{subsection.36}{\376\377\000R\000e\000l\000e\000v\000a\000n\000c\000i\000a\000\040\000e\000\040\000i\000m\000p\000l\000i\000c\000a\000c\000i\000o\000n\000e\000s}{section.33}% 17
\BOOKMARK [2][-]{subsection.37}{\376\377\000A\000l\000g\000u\000n\000o\000s\000\040\000m\000o\000d\000e\000l\000o\000s\000\040\000d\000e\000s\000a\000r\000r\000o\000l\000l\000a\000d\000o\000s\000\040\000p\000a\000r\000a\000\040\000d\000a\000r\000\040\000c\000u\000e\000n\000t\000a\000\040\000d\000e\000l\000\040\000E\000f\000e\000c\000t\000o\000\040\000E\000s\000p\000e\000j\000o}{section.33}% 18
\BOOKMARK [0][-]{chapter.38}{\376\377\000M\000\351\000t\000o\000d\000o}{}% 19
\BOOKMARK [1][-]{section.39}{\376\377\000P\000l\000a\000n\000t\000e\000a\000m\000i\000e\000n\000t\000o\000\040\000g\000e\000n\000e\000r\000a\000l}{chapter.38}% 20
\BOOKMARK [2][-]{subsection.40}{\376\377\000O\000b\000j\000e\000t\000i\000v\000o}{section.39}% 21
\BOOKMARK [1][-]{section.41}{\376\377\000C\000o\000n\000s\000t\000r\000u\000c\000c\000i\000\363\000n\000\040\000d\000e\000\040\000l\000o\000s\000\040\000E\000x\000p\000e\000r\000i\000m\000e\000n\000t\000o\000s}{chapter.38}% 22
\BOOKMARK [2][-]{subsection.44}{\376\377\000D\000i\000s\000e\000\361\000o\000\040\000d\000e\000\040\000l\000o\000s\000\040\000E\000s\000t\000\355\000m\000u\000l\000o\000s}{section.41}% 23
\BOOKMARK [2][-]{subsection.45}{\376\377\000M\000a\000t\000e\000r\000i\000a\000l\000e\000s}{section.41}% 24
\BOOKMARK [2][-]{subsection.46}{\376\377\000P\000a\000r\000t\000i\000c\000i\000p\000a\000n\000t\000e\000s}{section.41}% 25
\BOOKMARK [1][-]{section.47}{\376\377\000P\000r\000o\000c\000e\000d\000i\000m\000i\000e\000n\000t\000o}{chapter.38}% 26
\BOOKMARK [0][-]{chapter.52}{\376\377\000R\000e\000s\000u\000l\000t\000a\000d\000o\000s}{}% 27
\BOOKMARK [1][-]{section.53}{\376\377\000D\000a\000t\000o\000s\000\040\000r\000e\000c\000o\000l\000e\000c\000t\000a\000d\000o\000s}{chapter.52}% 28
\BOOKMARK [2][-]{subsection.54}{\376\377\000C\000o\000n\000t\000r\000o\000l\000\040\0001\000:\000\040\000\277\000L\000o\000s\000\040\000p\000a\000r\000t\000i\000c\000i\000p\000a\000n\000t\000e\000s\000\040\000e\000s\000t\000a\000b\000a\000n\000\040\000p\000o\000n\000i\000e\000n\000d\000o\000\040\000a\000t\000e\000n\000c\000i\000\363\000n\000\040\000a\000\040\000l\000a\000\040\000t\000a\000r\000e\000a\000\040\000p\000a\000r\000a\000\040\000e\000m\000i\000t\000i\000r\000\040\000u\000n\000a\000\040\000r\000e\000s\000p\000u\000e\000s\000t\000a\000?}{section.53}% 29
\BOOKMARK [2][-]{subsection.58}{\376\377\000C\000o\000n\000t\000r\000o\000l\000\040\0002\000:\000\040\000\277\000L\000a\000\040\000d\000u\000r\000a\000c\000i\000\363\000n\000\040\000d\000e\000l\000\040\000e\000x\000p\000e\000r\000i\000m\000e\000n\000t\000o\000\040\000t\000u\000v\000o\000\040\000u\000n\000\040\000i\000m\000p\000a\000c\000t\000o\000\040\000e\000n\000\040\000l\000a\000\040\000e\000j\000e\000c\000u\000c\000i\000\363\000n\000\040\000d\000e\000\040\000l\000o\000s\000\040\000p\000a\000r\000t\000i\000c\000i\000p\000a\000n\000t\000e\000s\000?}{section.53}% 30
\BOOKMARK [2][-]{subsection.61}{\376\377\000C\000o\000n\000t\000r\000o\000l\000\040\0003\000:\000\040\000\277\000L\000a\000s\000\040\000v\000a\000r\000i\000a\000b\000l\000e\000s\000\040\000m\000e\000z\000c\000l\000a\000d\000a\000s\000\040\000p\000a\000r\000a\000\040\000c\000o\000n\000s\000t\000r\000u\000i\000r\000\040\000l\000o\000s\000\040\000e\000s\000t\000\355\000m\000u\000l\000o\000s\000\040\000e\000s\000t\000\341\000n\000\040\000a\000f\000e\000c\000t\000a\000n\000d\000o\000\040\000e\000l\000\040\000d\000e\000s\000e\000m\000p\000e\000\361\000o\000\040\000d\000e\000\040\000l\000o\000s\000\040\000p\000a\000r\000t\000i\000c\000i\000p\000a\000n\000t\000e\000s\000?}{section.53}% 31
\BOOKMARK [1][-]{section.63}{\376\377\000A\000n\000\341\000l\000i\000s\000i\000s\000\040\000e\000s\000t\000a\000d\000\355\000s\000t\000i\000c\000o\000s}{chapter.52}% 32
\BOOKMARK [1][-]{section.64}{\376\377\000L\000a\000s\000\040\000c\000o\000n\000d\000i\000c\000i\000o\000n\000e\000s\000\040\000d\000e\000\040\000d\000i\000f\000i\000c\000u\000l\000t\000a\000d\000\040\000s\000o\000n\000\040\000d\000i\000f\000e\000r\000e\000n\000t\000e\000s}{chapter.52}% 33
\BOOKMARK [2][-]{subsection.66}{\376\377\000A\000n\000\341\000l\000i\000s\000i\000s\000\040\0001\000:\000\040\000P\000r\000u\000e\000b\000a\000\040\000T\000\040\000p\000a\000r\000a\000\040\000c\000o\000m\000p\000a\000r\000a\000r\000\040\000l\000a\000s\000\040\000m\000e\000d\000i\000a\000s\000\040\000d\000e\000\040\000d\000'\000\040\000p\000o\000r\000\040\000c\000a\000d\000a\000\040\000c\000o\000n\000d\000i\000c\000i\000\363\000n}{section.64}% 34
\BOOKMARK [2][-]{subsection.68}{\376\377\000A\000n\000\341\000l\000i\000s\000i\000s\000\040\0002\000:\000\040\000M\000o\000d\000e\000l\000o\000\040\000j\000e\000r\000\341\000r\000q\000u\000i\000c\000o\000\040\000b\000a\000y\000e\000s\000i\000a\000n\000o\000:\000\040\000M\000o\000d\000e\000l\000o\000\040\000D\000e\000l\000t\000a\000\040\000p\000a\000r\000a\000\040\000d\000i\000f\000e\000r\000e\000n\000c\000i\000a\000s\000\040\000e\000n\000\040\000d\000'}{section.64}% 35
\BOOKMARK [1][-]{section.70}{\376\377\000D\000i\000f\000e\000r\000e\000n\000c\000i\000a\000s\000\040\000e\000n\000\040\000l\000a\000s\000\040\000T\000a\000s\000a\000s\000\040\000d\000e\000\040\000H\000i\000t\000s\000\040\000y\000\040\000F\000a\000l\000s\000a\000s\000\040\000A\000l\000a\000r\000m\000a\000s}{chapter.52}% 36
\BOOKMARK [2][-]{subsection.73}{\376\377\000A\000n\000\341\000l\000i\000s\000i\000s\000\040\0001\000:\000\040\000P\000r\000u\000e\000b\000a\000\040\000T}{section.70}% 37
\BOOKMARK [2][-]{subsection.75}{\376\377\000M\000o\000d\000e\000l\000o\000\040\000b\000a\000y\000e\000s\000i\000a\000n\000o}{section.70}% 38
\BOOKMARK [1][-]{section.77}{\376\377\000D\000i\000f\000e\000r\000e\000n\000c\000i\000a\000s\000\040\000e\000n\000\040\000l\000a\000\040\000a\000s\000i\000g\000n\000a\000c\000i\000\363\000n\000\040\000d\000e\000\040\000P\000u\000n\000t\000a\000j\000e\000s\000\040\000d\000e\000\040\000C\000o\000n\000f\000i\000a\000n\000z\000a}{chapter.52}% 39
\BOOKMARK [2][-]{subsection.79}{\376\377\000A\000n\000\341\000l\000i\000s\000i\000s\000\040\0001\000:\000\040}{section.77}% 40
\BOOKMARK [1][-]{section.81}{\376\377\000R\000\351\000p\000l\000i\000c\000a\000\040\000d\000e\000\040\000c\000o\000n\000t\000r\000o\000l\000e\000s\000\040\000r\000e\000p\000o\000r\000t\000a\000d\000o\000s\000\040\000e\000n\000\040\000l\000a\000\040\000l\000i\000t\000e\000r\000a\000t\000u\000r\000a}{chapter.52}% 41
\BOOKMARK [0][-]{chapter.82}{\376\377\000D\000i\000s\000c\000u\000s\000i\000\363\000n\000\040\000y\000\040\000C\000o\000n\000c\000l\000u\000s\000i\000o\000n\000e\000s}{}% 42
\BOOKMARK [1][-]{section.83}{\376\377\000R\000e\000c\000a\000p\000i\000t\000u\000l\000a\000n\000d\000o}{chapter.82}% 43
\BOOKMARK [2][-]{subsection.84}{\376\377\000C\000o\000n\000s\000t\000r\000u\000c\000c\000i\000\363\000n\000\040\000d\000e\000\040\000l\000a\000\040\000T\000a\000r\000e\000a}{section.83}% 44
\BOOKMARK [2][-]{subsection.85}{\376\377\000D\000e\000t\000a\000l\000l\000e\000s\000\040\000t\000\351\000c\000n\000i\000c\000o\000s}{section.83}% 45
\BOOKMARK [1][-]{section.86}{\376\377\000P\000r\000o\000c\000e\000d\000i\000m\000i\000e\000n\000t\000o}{chapter.82}% 46
\BOOKMARK [0][-]{appendix.87}{\376\377\000R\000e\000g\000i\000s\000t\000r\000o\000\040\000d\000e\000\040\000r\000e\000s\000p\000u\000e\000s\000t\000a}{}% 47
\BOOKMARK [0][-]{appendix.89}{\376\377\000D\000a\000t\000o\000s\000\040\000\050\000E\000x\000t\000e\000n\000s\000i\000\363\000n\000\051}{}% 48
\BOOKMARK [0][-]{appendix*.108}{\376\377\000B\000i\000b\000l\000i\000o\000g\000r\000a\000f\000\355\000a}{}% 49
